2020-12-14 10:22:04.441 INFO  org.hibernate.validator.internal.util.Version     :21   [32m        [0;39m HV000001: Hibernate Validator 6.1.5.Final
2020-12-14 10:22:06.389 INFO  com.lzn.system.config.SystemApplication           :651  [32m        [0;39m No active profile set, falling back to default profiles: default
2020-12-14 10:22:07.693 INFO  o.s.d.r.config.RepositoryConfigurationDelegate    :249  [32m        [0;39m Multiple Spring Data modules found, entering strict repository configuration mode!
2020-12-14 10:22:07.698 INFO  o.s.d.r.config.RepositoryConfigurationDelegate    :127  [32m        [0;39m Bootstrapping Spring Data Redis repositories in DEFAULT mode.
2020-12-14 10:22:07.739 INFO  o.s.d.r.config.RepositoryConfigurationDelegate    :187  [32m        [0;39m Finished Spring Data repository scanning in 16ms. Found 0 Redis repository interfaces.
2020-12-14 10:22:08.261 INFO  o.springframework.cloud.context.scope.GenericScope:295  [32m        [0;39m BeanFactory id=ea87e140-d12b-3755-a710-aed01052c51c
2020-12-14 10:22:09.938 INFO  o.s.boot.web.embedded.tomcat.TomcatWebServer      :108  [32m        [0;39m Tomcat initialized with port(s): 9001 (http)
2020-12-14 10:22:09.947 INFO  org.apache.coyote.http11.Http11NioProtocol        :173  [32m        [0;39m Initializing ProtocolHandler ["http-nio-9001"]
2020-12-14 10:22:09.948 INFO  org.apache.catalina.core.StandardService          :173  [32m        [0;39m Starting service [Tomcat]
2020-12-14 10:22:09.948 INFO  org.apache.catalina.core.StandardEngine           :173  [32m        [0;39m Starting Servlet engine: [Apache Tomcat/9.0.38]
2020-12-14 10:22:10.040 INFO  o.a.c.c.C.[Tomcat].[localhost].[/system]          :173  [32m        [0;39m Initializing Spring embedded WebApplicationContext
2020-12-14 10:22:10.040 INFO  o.s.b.w.s.c.ServletWebServerApplicationContext    :285  [32m        [0;39m Root WebApplicationContext: initialization completed in 3622 ms
2020-12-14 10:22:11.511 WARN  com.netflix.config.sources.URLConfigurationSource :121  [32m        [0;39m No URLs will be polled as dynamic configuration sources.
2020-12-14 10:22:11.511 INFO  com.netflix.config.sources.URLConfigurationSource :122  [32m        [0;39m To enable URLs as dynamic configuration sources, define System property archaius.configurationSource.additionalUrls or make config.properties available on classpath.
2020-12-14 10:22:11.524 WARN  com.netflix.config.sources.URLConfigurationSource :121  [32m        [0;39m No URLs will be polled as dynamic configuration sources.
2020-12-14 10:22:11.526 INFO  com.netflix.config.sources.URLConfigurationSource :122  [32m        [0;39m To enable URLs as dynamic configuration sources, define System property archaius.configurationSource.additionalUrls or make config.properties available on classpath.
2020-12-14 10:22:11.948 INFO  o.s.scheduling.concurrent.ThreadPoolTaskExecutor  :181  [32m        [0;39m Initializing ExecutorService 'applicationTaskExecutor'
2020-12-14 10:22:13.833 INFO  org.springframework.cloud.commons.util.InetUtils  :170  [32m        [0;39m Cannot determine local hostname
2020-12-14 10:22:14.107 INFO  o.s.c.n.e.c.DiscoveryClientOptionalArgsConfiguration:78   [32m        [0;39m Eureka HTTP Client uses Jersey
2020-12-14 10:22:15.728 INFO  org.springframework.cloud.commons.util.InetUtils  :170  [32m        [0;39m Cannot determine local hostname
2020-12-14 10:22:15.798 WARN  o.s.c.l.c.BlockingLoadBalancerClientAutoConfiguration$BlockingLoadBalancerClientRibbonWarnLogger:86   [32m        [0;39m You already have RibbonLoadBalancerClient on your classpath. It will be used by default. As Spring Cloud Ribbon is in maintenance mode. We recommend switching to BlockingLoadBalancerClient instead. In order to use it, set the value of `spring.cloud.loadbalancer.ribbon.enabled` to `false` or remove spring-cloud-starter-netflix-ribbon from your project.
2020-12-14 10:22:15.910 INFO  o.s.cloud.netflix.eureka.InstanceInfoFactory      :72   [32m        [0;39m Setting initial instance status as: STARTING
2020-12-14 10:22:16.116 INFO  com.netflix.discovery.DiscoveryClient             :371  [32m        [0;39m Initializing Eureka in region us-east-1
2020-12-14 10:22:16.520 INFO  c.n.discovery.provider.DiscoveryJerseyProvider    :70   [32m        [0;39m Using JSON encoding codec LegacyJacksonJson
2020-12-14 10:22:16.521 INFO  c.n.discovery.provider.DiscoveryJerseyProvider    :71   [32m        [0;39m Using JSON decoding codec LegacyJacksonJson
2020-12-14 10:22:16.894 INFO  c.n.discovery.provider.DiscoveryJerseyProvider    :80   [32m        [0;39m Using XML encoding codec XStreamXml
2020-12-14 10:22:16.894 INFO  c.n.discovery.provider.DiscoveryJerseyProvider    :81   [32m        [0;39m Using XML decoding codec XStreamXml
2020-12-14 10:22:17.205 INFO  c.n.d.shared.resolver.aws.ConfigClusterResolver   :43   [32m        [0;39m Resolving eureka endpoints via configuration
2020-12-14 10:22:17.353 INFO  com.netflix.discovery.DiscoveryClient             :1004 [32m        [0;39m Disable delta property : false
2020-12-14 10:22:17.354 INFO  com.netflix.discovery.DiscoveryClient             :1005 [32m        [0;39m Single vip registry refresh property : null
2020-12-14 10:22:17.354 INFO  com.netflix.discovery.DiscoveryClient             :1006 [32m        [0;39m Force full registry fetch : false
2020-12-14 10:22:17.354 INFO  com.netflix.discovery.DiscoveryClient             :1007 [32m        [0;39m Application is null : false
2020-12-14 10:22:17.354 INFO  com.netflix.discovery.DiscoveryClient             :1008 [32m        [0;39m Registered Applications size is zero : true
2020-12-14 10:22:17.355 INFO  com.netflix.discovery.DiscoveryClient             :1010 [32m        [0;39m Application version is -1: true
2020-12-14 10:22:17.355 INFO  com.netflix.discovery.DiscoveryClient             :1093 [32m        [0;39m Getting all instance registry info from the eureka server
2020-12-14 10:22:17.546 INFO  com.netflix.discovery.DiscoveryClient             :1102 [32m        [0;39m The response status is 200
2020-12-14 10:22:17.551 INFO  com.netflix.discovery.DiscoveryClient             :1317 [32m        [0;39m Starting heartbeat executor: renew interval is: 30
2020-12-14 10:22:17.554 INFO  com.netflix.discovery.InstanceInfoReplicator      :60   [32m        [0;39m InstanceInfoReplicator onDemand update allowed rate per min is 4
2020-12-14 10:22:17.558 INFO  com.netflix.discovery.DiscoveryClient             :491  [32m        [0;39m Discovery Client initialized at timestamp 1607912537557 with initial instances count: 0
2020-12-14 10:22:17.572 INFO  o.s.c.n.e.serviceregistry.EurekaServiceRegistry   :41   [32m        [0;39m Registering application SYSTEM with eureka with status UP
2020-12-14 10:22:17.574 INFO  com.netflix.discovery.DiscoveryClient             :1353 [32m        [0;39m Saw local status change event StatusChangeEvent [timestamp=1607912537574, current=UP, previous=STARTING]
2020-12-14 10:22:17.580 INFO  org.apache.coyote.http11.Http11NioProtocol        :173  [32m        [0;39m Starting ProtocolHandler ["http-nio-9001"]
2020-12-14 10:22:17.577 INFO  com.netflix.discovery.DiscoveryClient             :870  [32m        [0;39m DiscoveryClient_SYSTEM/localhost:system:9001: registering service...
2020-12-14 10:22:17.644 INFO  o.s.boot.web.embedded.tomcat.TomcatWebServer      :220  [32m        [0;39m Tomcat started on port(s): 9001 (http) with context path '/system'
2020-12-14 10:22:17.645 INFO  o.s.c.n.e.s.EurekaAutoServiceRegistration         :145  [32m        [0;39m Updating port to 9001
2020-12-14 10:22:17.702 INFO  com.netflix.discovery.DiscoveryClient             :879  [32m        [0;39m DiscoveryClient_SYSTEM/localhost:system:9001 - registration status: 204
2020-12-14 10:22:18.830 INFO  org.springframework.cloud.commons.util.InetUtils  :170  [32m        [0;39m Cannot determine local hostname
2020-12-14 10:22:18.840 INFO  com.lzn.system.config.SystemApplication           :61   [32m        [0;39m Started SystemApplication in 16.257 seconds (JVM running for 17.06)
2020-12-14 10:22:18.842 INFO  com.lzn.system.config.SystemApplication           :24   [32m        [0;39m å¯åŠ¨æˆåŠŸï¼ï¼
2020-12-14 10:22:18.843 INFO  com.lzn.system.config.SystemApplication           :25   [32m        [0;39m Systemåœ°å€: 	http://127.0.0.1:9001
2020-12-14 10:22:47.552 INFO  com.netflix.discovery.DiscoveryClient             :1004 [32m        [0;39m Disable delta property : false
2020-12-14 10:22:47.552 INFO  com.netflix.discovery.DiscoveryClient             :1005 [32m        [0;39m Single vip registry refresh property : null
2020-12-14 10:22:47.552 INFO  com.netflix.discovery.DiscoveryClient             :1006 [32m        [0;39m Force full registry fetch : false
2020-12-14 10:22:47.553 INFO  com.netflix.discovery.DiscoveryClient             :1007 [32m        [0;39m Application is null : false
2020-12-14 10:22:47.553 INFO  com.netflix.discovery.DiscoveryClient             :1008 [32m        [0;39m Registered Applications size is zero : true
2020-12-14 10:22:47.553 INFO  com.netflix.discovery.DiscoveryClient             :1010 [32m        [0;39m Application version is -1: false
2020-12-14 10:22:47.553 INFO  com.netflix.discovery.DiscoveryClient             :1093 [32m        [0;39m Getting all instance registry info from the eureka server
2020-12-14 10:22:47.580 INFO  com.netflix.discovery.DiscoveryClient             :1102 [32m        [0;39m The response status is 200
2020-12-14 10:24:57.483 INFO  o.a.c.c.C.[Tomcat].[localhost].[/system]          :173  [32m        [0;39m Initializing Spring DispatcherServlet 'dispatcherServlet'
2020-12-14 10:24:57.483 INFO  org.springframework.web.servlet.DispatcherServlet :525  [32m        [0;39m Initializing Servlet 'dispatcherServlet'
2020-12-14 10:24:57.491 INFO  org.springframework.web.servlet.DispatcherServlet :547  [32m        [0;39m Completed initialization in 7 ms
2020-12-14 10:24:57.578 INFO  com.lzn.config.LogAspect                          :76   [32me7WaRn4d[0;39m ------------- ã€å›¾ç‰‡éªŒè¯ç ã€‘æ“ä½œå¼€å§‹ -------------
2020-12-14 10:24:57.579 INFO  com.lzn.config.LogAspect                          :77   [32me7WaRn4d[0;39m è¯·æ±‚åœ°å€: http://localhost:9001/system/admin/kaptcha/image-code/Kfj5Tejs GET
2020-12-14 10:24:57.580 INFO  com.lzn.config.LogAspect                          :78   [32me7WaRn4d[0;39m ç±»åæ–¹æ³•: com.lzn.system.controller.admin.KaptchaController.imageCode
2020-12-14 10:24:57.580 INFO  com.lzn.config.LogAspect                          :79   [32me7WaRn4d[0;39m è¿œç¨‹åœ°å€: 127.0.0.1
2020-12-14 10:24:57.585 INFO  com.lzn.config.LogAspect                          :97   [32me7WaRn4d[0;39m è¯·æ±‚å‚æ•°: ["Kfj5Tejs",null,null]
2020-12-14 10:24:58.422 INFO  com.lzn.config.LogAspect                          :109  [32me7WaRn4d[0;39m è¿”å›žç»“æžœ: null
2020-12-14 10:24:58.423 INFO  com.lzn.config.LogAspect                          :110  [32me7WaRn4d[0;39m ------------- ç»“æŸ è€—æ—¶ï¼š849 ms -------------
2020-12-14 10:25:06.313 INFO  com.lzn.config.LogAspect                          :76   [32mraE63TaA[0;39m ------------- ã€ç”¨æˆ·ã€‘æ“ä½œå¼€å§‹ -------------
2020-12-14 10:25:06.314 INFO  com.lzn.config.LogAspect                          :77   [32mraE63TaA[0;39m è¯·æ±‚åœ°å€: http://localhost:9001/system/admin/user/login POST
2020-12-14 10:25:06.314 INFO  com.lzn.config.LogAspect                          :78   [32mraE63TaA[0;39m ç±»åæ–¹æ³•: com.lzn.system.controller.admin.UserController.login
2020-12-14 10:25:06.314 INFO  com.lzn.config.LogAspect                          :79   [32mraE63TaA[0;39m è¿œç¨‹åœ°å€: 127.0.0.1
2020-12-14 10:25:06.325 INFO  com.lzn.config.LogAspect                          :97   [32mraE63TaA[0;39m è¯·æ±‚å‚æ•°: [{"imageCode":"4xna","imageCodeToken":"Kfj5Tejs","loginName":"admin","password":"6fb8a81a9009027fb1a9355113aa2e5a"},null]
2020-12-14 10:25:06.464 INFO  com.zaxxer.hikari.HikariDataSource                :110  [32mraE63TaA[0;39m HikariPool-1 - Starting...
2020-12-14 10:25:06.794 INFO  com.zaxxer.hikari.HikariDataSource                :123  [32mraE63TaA[0;39m HikariPool-1 - Start completed.
2020-12-14 10:25:06.800 DEBUG com.lzn.mapper.UserMapper.selectByExample         :159  [32mraE63TaA[0;39m ==>  Preparing: select id, login_name, `name`, `password` from user WHERE ( login_name = ? ) 
2020-12-14 10:25:06.816 DEBUG com.lzn.mapper.UserMapper.selectByExample         :159  [32mraE63TaA[0;39m ==> Parameters: admin(String)
2020-12-14 10:25:06.827 TRACE com.lzn.mapper.UserMapper.selectByExample         :165  [32mraE63TaA[0;39m <==    Columns: id, login_name, name, password
2020-12-14 10:25:06.827 TRACE com.lzn.mapper.UserMapper.selectByExample         :165  [32mraE63TaA[0;39m <==        Row: guHzMCGy, admin, è¶…çº§ç®¡ç†å‘˜, 1f15d405949c4ed3c2279aa6d48b1e9a
2020-12-14 10:25:06.829 DEBUG com.lzn.mapper.UserMapper.selectByExample         :159  [32mraE63TaA[0;39m <==      Total: 1
2020-12-14 10:25:06.844 INFO  com.lzn.config.LogAspect                          :109  [32mraE63TaA[0;39m è¿”å›žç»“æžœ: {"content":{"id":"guHzMCGy","loginName":"admin","name":"è¶…çº§ç®¡ç†å‘˜","token":"li3tPOxA"},"success":true}
2020-12-14 10:25:06.845 INFO  com.lzn.config.LogAspect                          :110  [32mraE63TaA[0;39m ------------- ç»“æŸ è€—æ—¶ï¼š532 ms -------------
2020-12-14 10:25:10.538 INFO  com.lzn.config.LogAspect                          :76   [32mcvSeUM4F[0;39m ------------- ã€ç”¨æˆ·ã€‘æŸ¥è¯¢å¼€å§‹ -------------
2020-12-14 10:25:10.539 INFO  com.lzn.config.LogAspect                          :77   [32mcvSeUM4F[0;39m è¯·æ±‚åœ°å€: http://localhost:9001/system/admin/user/list POST
2020-12-14 10:25:10.539 INFO  com.lzn.config.LogAspect                          :78   [32mcvSeUM4F[0;39m ç±»åæ–¹æ³•: com.lzn.system.controller.admin.UserController.list
2020-12-14 10:25:10.539 INFO  com.lzn.config.LogAspect                          :79   [32mcvSeUM4F[0;39m è¿œç¨‹åœ°å€: 127.0.0.1
2020-12-14 10:25:10.543 INFO  com.lzn.config.LogAspect                          :97   [32mcvSeUM4F[0;39m è¯·æ±‚å‚æ•°: [{"page":1,"size":5,"total":0}]
2020-12-14 10:25:10.615 DEBUG com.lzn.mapper.UserMapper.selectByExample_COUNT   :159  [32mcvSeUM4F[0;39m ==>  Preparing: SELECT count(0) FROM user 
2020-12-14 10:25:10.616 DEBUG com.lzn.mapper.UserMapper.selectByExample_COUNT   :159  [32mcvSeUM4F[0;39m ==> Parameters: 
2020-12-14 10:25:10.617 TRACE com.lzn.mapper.UserMapper.selectByExample_COUNT   :165  [32mcvSeUM4F[0;39m <==    Columns: count(0)
2020-12-14 10:25:10.617 TRACE com.lzn.mapper.UserMapper.selectByExample_COUNT   :165  [32mcvSeUM4F[0;39m <==        Row: 3
2020-12-14 10:25:10.617 DEBUG com.lzn.mapper.UserMapper.selectByExample_COUNT   :159  [32mcvSeUM4F[0;39m <==      Total: 1
2020-12-14 10:25:10.619 DEBUG com.lzn.mapper.UserMapper.selectByExample         :159  [32mcvSeUM4F[0;39m ==>  Preparing: select id, login_name, `name`, `password` from user LIMIT ? 
2020-12-14 10:25:10.619 DEBUG com.lzn.mapper.UserMapper.selectByExample         :159  [32mcvSeUM4F[0;39m ==> Parameters: 5(Integer)
2020-12-14 10:25:10.620 TRACE com.lzn.mapper.UserMapper.selectByExample         :165  [32mcvSeUM4F[0;39m <==    Columns: id, login_name, name, password
2020-12-14 10:25:10.620 TRACE com.lzn.mapper.UserMapper.selectByExample         :165  [32mcvSeUM4F[0;39m <==        Row: 10000000, test, æµ‹è¯•111111, 2141e8d27dab5b7a5f7bdcf39e892975
2020-12-14 10:25:10.620 TRACE com.lzn.mapper.UserMapper.selectByExample         :165  [32mcvSeUM4F[0;39m <==        Row: 4bsbbzd1, test11, null, 4db71c791e6a5f87027698565abc76c8
2020-12-14 10:25:10.621 TRACE com.lzn.mapper.UserMapper.selectByExample         :165  [32mcvSeUM4F[0;39m <==        Row: guHzMCGy, admin, è¶…çº§ç®¡ç†å‘˜, 1f15d405949c4ed3c2279aa6d48b1e9a
2020-12-14 10:25:10.621 DEBUG com.lzn.mapper.UserMapper.selectByExample         :159  [32mcvSeUM4F[0;39m <==      Total: 3
2020-12-14 10:25:10.624 INFO  com.lzn.config.LogAspect                          :109  [32mcvSeUM4F[0;39m è¿”å›žç»“æžœ: {"content":{"list":[{"id":"10000000","loginName":"test","name":"æµ‹è¯•111111"},{"id":"4bsbbzd1","loginName":"test11"},{"id":"guHzMCGy","loginName":"admin","name":"è¶…çº§ç®¡ç†å‘˜"}],"page":1,"size":5,"total":3},"success":true}
2020-12-14 10:25:10.625 INFO  com.lzn.config.LogAspect                          :110  [32mcvSeUM4F[0;39m ------------- ç»“æŸ è€—æ—¶ï¼š87 ms -------------
2020-12-14 10:25:24.420 INFO  com.lzn.config.LogAspect                          :76   [32m3u7D5TtE[0;39m ------------- ã€ç”¨æˆ·ã€‘æŸ¥è¯¢å¼€å§‹ -------------
2020-12-14 10:25:24.420 INFO  com.lzn.config.LogAspect                          :77   [32m3u7D5TtE[0;39m è¯·æ±‚åœ°å€: http://localhost:9001/system/admin/user/list POST
2020-12-14 10:25:24.420 INFO  com.lzn.config.LogAspect                          :78   [32m3u7D5TtE[0;39m ç±»åæ–¹æ³•: com.lzn.system.controller.admin.UserController.list
2020-12-14 10:25:24.421 INFO  com.lzn.config.LogAspect                          :79   [32m3u7D5TtE[0;39m è¿œç¨‹åœ°å€: 127.0.0.1
2020-12-14 10:25:24.421 INFO  com.lzn.config.LogAspect                          :97   [32m3u7D5TtE[0;39m è¯·æ±‚å‚æ•°: [{"page":1,"size":5,"total":0}]
2020-12-14 10:25:24.422 DEBUG com.lzn.mapper.UserMapper.selectByExample_COUNT   :159  [32m3u7D5TtE[0;39m ==>  Preparing: SELECT count(0) FROM user 
2020-12-14 10:25:24.422 DEBUG com.lzn.mapper.UserMapper.selectByExample_COUNT   :159  [32m3u7D5TtE[0;39m ==> Parameters: 
2020-12-14 10:25:24.423 TRACE com.lzn.mapper.UserMapper.selectByExample_COUNT   :165  [32m3u7D5TtE[0;39m <==    Columns: count(0)
2020-12-14 10:25:24.424 TRACE com.lzn.mapper.UserMapper.selectByExample_COUNT   :165  [32m3u7D5TtE[0;39m <==        Row: 3
2020-12-14 10:25:24.424 DEBUG com.lzn.mapper.UserMapper.selectByExample_COUNT   :159  [32m3u7D5TtE[0;39m <==      Total: 1
2020-12-14 10:25:24.425 DEBUG com.lzn.mapper.UserMapper.selectByExample         :159  [32m3u7D5TtE[0;39m ==>  Preparing: select id, login_name, `name`, `password` from user LIMIT ? 
2020-12-14 10:25:24.425 DEBUG com.lzn.mapper.UserMapper.selectByExample         :159  [32m3u7D5TtE[0;39m ==> Parameters: 5(Integer)
2020-12-14 10:25:24.426 TRACE com.lzn.mapper.UserMapper.selectByExample         :165  [32m3u7D5TtE[0;39m <==    Columns: id, login_name, name, password
2020-12-14 10:25:24.427 TRACE com.lzn.mapper.UserMapper.selectByExample         :165  [32m3u7D5TtE[0;39m <==        Row: 10000000, test, æµ‹è¯•111111, 2141e8d27dab5b7a5f7bdcf39e892975
2020-12-14 10:25:24.427 TRACE com.lzn.mapper.UserMapper.selectByExample         :165  [32m3u7D5TtE[0;39m <==        Row: 4bsbbzd1, test11, null, 4db71c791e6a5f87027698565abc76c8
2020-12-14 10:25:24.428 TRACE com.lzn.mapper.UserMapper.selectByExample         :165  [32m3u7D5TtE[0;39m <==        Row: guHzMCGy, admin, è¶…çº§ç®¡ç†å‘˜, 1f15d405949c4ed3c2279aa6d48b1e9a
2020-12-14 10:25:24.429 DEBUG com.lzn.mapper.UserMapper.selectByExample         :159  [32m3u7D5TtE[0;39m <==      Total: 3
2020-12-14 10:25:24.429 INFO  com.lzn.config.LogAspect                          :109  [32m3u7D5TtE[0;39m è¿”å›žç»“æžœ: {"content":{"list":[{"id":"10000000","loginName":"test","name":"æµ‹è¯•111111"},{"id":"4bsbbzd1","loginName":"test11"},{"id":"guHzMCGy","loginName":"admin","name":"è¶…çº§ç®¡ç†å‘˜"}],"page":1,"size":5,"total":3},"success":true}
2020-12-14 10:25:24.429 INFO  com.lzn.config.LogAspect                          :110  [32m3u7D5TtE[0;39m ------------- ç»“æŸ è€—æ—¶ï¼š9 ms -------------
2020-12-14 10:25:30.761 INFO  com.lzn.config.LogAspect                          :76   [32mm8k8no0t[0;39m ------------- ã€ç”¨æˆ·ã€‘æ“ä½œå¼€å§‹ -------------
2020-12-14 10:25:30.761 INFO  com.lzn.config.LogAspect                          :77   [32mm8k8no0t[0;39m è¯·æ±‚åœ°å€: http://localhost:9001/system/admin/user/logout/li3tPOxA GET
2020-12-14 10:25:30.762 INFO  com.lzn.config.LogAspect                          :78   [32mm8k8no0t[0;39m ç±»åæ–¹æ³•: com.lzn.system.controller.admin.UserController.logout
2020-12-14 10:25:30.762 INFO  com.lzn.config.LogAspect                          :79   [32mm8k8no0t[0;39m è¿œç¨‹åœ°å€: 127.0.0.1
2020-12-14 10:25:30.762 INFO  com.lzn.config.LogAspect                          :97   [32mm8k8no0t[0;39m è¯·æ±‚å‚æ•°: ["li3tPOxA"]
2020-12-14 10:25:30.763 INFO  com.lzn.system.controller.admin.UserController    :118  [32mm8k8no0t[0;39m ä»Žredisä¸­åˆ é™¤token:li3tPOxA
2020-12-14 10:25:30.763 INFO  com.lzn.config.LogAspect                          :109  [32mm8k8no0t[0;39m è¿”å›žç»“æžœ: {"success":true}
2020-12-14 10:25:30.764 INFO  com.lzn.config.LogAspect                          :110  [32mm8k8no0t[0;39m ------------- ç»“æŸ è€—æ—¶ï¼š3 ms -------------
2020-12-14 10:25:30.808 INFO  com.lzn.config.LogAspect                          :76   [32mO61rYUnO[0;39m ------------- ã€å›¾ç‰‡éªŒè¯ç ã€‘æ“ä½œå¼€å§‹ -------------
2020-12-14 10:25:30.809 INFO  com.lzn.config.LogAspect                          :77   [32mO61rYUnO[0;39m è¯·æ±‚åœ°å€: http://localhost:9001/system/admin/kaptcha/image-code/D7uomyFV GET
2020-12-14 10:25:30.809 INFO  com.lzn.config.LogAspect                          :78   [32mO61rYUnO[0;39m ç±»åæ–¹æ³•: com.lzn.system.controller.admin.KaptchaController.imageCode
2020-12-14 10:25:30.809 INFO  com.lzn.config.LogAspect                          :79   [32mO61rYUnO[0;39m è¿œç¨‹åœ°å€: 127.0.0.1
2020-12-14 10:25:30.809 INFO  com.lzn.config.LogAspect                          :97   [32mO61rYUnO[0;39m è¯·æ±‚å‚æ•°: ["D7uomyFV",null,null]
2020-12-14 10:25:30.817 INFO  com.lzn.config.LogAspect                          :109  [32mO61rYUnO[0;39m è¿”å›žç»“æžœ: null
2020-12-14 10:25:30.817 INFO  com.lzn.config.LogAspect                          :110  [32mO61rYUnO[0;39m ------------- ç»“æŸ è€—æ—¶ï¼š9 ms -------------
2020-12-14 10:27:17.360 INFO  c.n.d.shared.resolver.aws.ConfigClusterResolver   :43   [32m        [0;39m Resolving eureka endpoints via configuration
2020-12-14 10:32:17.362 INFO  c.n.d.shared.resolver.aws.ConfigClusterResolver   :43   [32m        [0;39m Resolving eureka endpoints via configuration
2020-12-14 10:37:17.364 INFO  c.n.d.shared.resolver.aws.ConfigClusterResolver   :43   [32m        [0;39m Resolving eureka endpoints via configuration
2020-12-14 10:42:17.365 INFO  c.n.d.shared.resolver.aws.ConfigClusterResolver   :43   [32m        [0;39m Resolving eureka endpoints via configuration
2020-12-14 10:47:17.367 INFO  c.n.d.shared.resolver.aws.ConfigClusterResolver   :43   [32m        [0;39m Resolving eureka endpoints via configuration
2020-12-14 10:52:17.368 INFO  c.n.d.shared.resolver.aws.ConfigClusterResolver   :43   [32m        [0;39m Resolving eureka endpoints via configuration
2020-12-14 10:57:17.369 INFO  c.n.d.shared.resolver.aws.ConfigClusterResolver   :43   [32m        [0;39m Resolving eureka endpoints via configuration
2020-12-14 11:02:17.372 INFO  c.n.d.shared.resolver.aws.ConfigClusterResolver   :43   [32m        [0;39m Resolving eureka endpoints via configuration
2020-12-14 11:07:17.374 INFO  c.n.d.shared.resolver.aws.ConfigClusterResolver   :43   [32m        [0;39m Resolving eureka endpoints via configuration
2020-12-14 11:12:17.375 INFO  c.n.d.shared.resolver.aws.ConfigClusterResolver   :43   [32m        [0;39m Resolving eureka endpoints via configuration
2020-12-14 11:17:17.377 INFO  c.n.d.shared.resolver.aws.ConfigClusterResolver   :43   [32m        [0;39m Resolving eureka endpoints via configuration
2020-12-14 11:22:17.379 INFO  c.n.d.shared.resolver.aws.ConfigClusterResolver   :43   [32m        [0;39m Resolving eureka endpoints via configuration
2020-12-14 11:27:17.381 INFO  c.n.d.shared.resolver.aws.ConfigClusterResolver   :43   [32m        [0;39m Resolving eureka endpoints via configuration
2020-12-14 11:32:17.383 INFO  c.n.d.shared.resolver.aws.ConfigClusterResolver   :43   [32m        [0;39m Resolving eureka endpoints via configuration
2020-12-14 11:37:17.384 INFO  c.n.d.shared.resolver.aws.ConfigClusterResolver   :43   [32m        [0;39m Resolving eureka endpoints via configuration
2020-12-14 11:42:17.386 INFO  c.n.d.shared.resolver.aws.ConfigClusterResolver   :43   [32m        [0;39m Resolving eureka endpoints via configuration
2020-12-14 11:47:17.387 INFO  c.n.d.shared.resolver.aws.ConfigClusterResolver   :43   [32m        [0;39m Resolving eureka endpoints via configuration
2020-12-14 11:52:17.390 INFO  c.n.d.shared.resolver.aws.ConfigClusterResolver   :43   [32m        [0;39m Resolving eureka endpoints via configuration
2020-12-14 11:57:17.392 INFO  c.n.d.shared.resolver.aws.ConfigClusterResolver   :43   [32m        [0;39m Resolving eureka endpoints via configuration
2020-12-14 12:02:17.394 INFO  c.n.d.shared.resolver.aws.ConfigClusterResolver   :43   [32m        [0;39m Resolving eureka endpoints via configuration
2020-12-14 12:07:17.395 INFO  c.n.d.shared.resolver.aws.ConfigClusterResolver   :43   [32m        [0;39m Resolving eureka endpoints via configuration
2020-12-14 12:12:17.396 INFO  c.n.d.shared.resolver.aws.ConfigClusterResolver   :43   [32m        [0;39m Resolving eureka endpoints via configuration
2020-12-14 12:17:17.398 INFO  c.n.d.shared.resolver.aws.ConfigClusterResolver   :43   [32m        [0;39m Resolving eureka endpoints via configuration
2020-12-14 12:22:17.401 INFO  c.n.d.shared.resolver.aws.ConfigClusterResolver   :43   [32m        [0;39m Resolving eureka endpoints via configuration
2020-12-14 12:27:17.403 INFO  c.n.d.shared.resolver.aws.ConfigClusterResolver   :43   [32m        [0;39m Resolving eureka endpoints via configuration
2020-12-14 12:32:17.404 INFO  c.n.d.shared.resolver.aws.ConfigClusterResolver   :43   [32m        [0;39m Resolving eureka endpoints via configuration
2020-12-14 12:37:17.405 INFO  c.n.d.shared.resolver.aws.ConfigClusterResolver   :43   [32m        [0;39m Resolving eureka endpoints via configuration
2020-12-14 12:42:17.407 INFO  c.n.d.shared.resolver.aws.ConfigClusterResolver   :43   [32m        [0;39m Resolving eureka endpoints via configuration
2020-12-14 12:47:17.409 INFO  c.n.d.shared.resolver.aws.ConfigClusterResolver   :43   [32m        [0;39m Resolving eureka endpoints via configuration
2020-12-14 12:52:17.412 INFO  c.n.d.shared.resolver.aws.ConfigClusterResolver   :43   [32m        [0;39m Resolving eureka endpoints via configuration
2020-12-14 12:57:17.414 INFO  c.n.d.shared.resolver.aws.ConfigClusterResolver   :43   [32m        [0;39m Resolving eureka endpoints via configuration
2020-12-14 13:02:17.416 INFO  c.n.d.shared.resolver.aws.ConfigClusterResolver   :43   [32m        [0;39m Resolving eureka endpoints via configuration
2020-12-14 13:07:17.418 INFO  c.n.d.shared.resolver.aws.ConfigClusterResolver   :43   [32m        [0;39m Resolving eureka endpoints via configuration
2020-12-14 13:12:17.419 INFO  c.n.d.shared.resolver.aws.ConfigClusterResolver   :43   [32m        [0;39m Resolving eureka endpoints via configuration
2020-12-14 13:17:17.422 INFO  c.n.d.shared.resolver.aws.ConfigClusterResolver   :43   [32m        [0;39m Resolving eureka endpoints via configuration
2020-12-14 13:22:17.424 INFO  c.n.d.shared.resolver.aws.ConfigClusterResolver   :43   [32m        [0;39m Resolving eureka endpoints via configuration
2020-12-14 13:27:17.426 INFO  c.n.d.shared.resolver.aws.ConfigClusterResolver   :43   [32m        [0;39m Resolving eureka endpoints via configuration
2020-12-14 13:32:17.427 INFO  c.n.d.shared.resolver.aws.ConfigClusterResolver   :43   [32m        [0;39m Resolving eureka endpoints via configuration
2020-12-14 13:37:17.429 INFO  c.n.d.shared.resolver.aws.ConfigClusterResolver   :43   [32m        [0;39m Resolving eureka endpoints via configuration
2020-12-14 13:42:17.430 INFO  c.n.d.shared.resolver.aws.ConfigClusterResolver   :43   [32m        [0;39m Resolving eureka endpoints via configuration
2020-12-14 13:47:17.432 INFO  c.n.d.shared.resolver.aws.ConfigClusterResolver   :43   [32m        [0;39m Resolving eureka endpoints via configuration
2020-12-14 13:52:17.434 INFO  c.n.d.shared.resolver.aws.ConfigClusterResolver   :43   [32m        [0;39m Resolving eureka endpoints via configuration
2020-12-14 13:57:17.435 INFO  c.n.d.shared.resolver.aws.ConfigClusterResolver   :43   [32m        [0;39m Resolving eureka endpoints via configuration
2020-12-14 14:02:17.437 INFO  c.n.d.shared.resolver.aws.ConfigClusterResolver   :43   [32m        [0;39m Resolving eureka endpoints via configuration
2020-12-14 14:07:17.439 INFO  c.n.d.shared.resolver.aws.ConfigClusterResolver   :43   [32m        [0;39m Resolving eureka endpoints via configuration
2020-12-14 14:12:17.441 INFO  c.n.d.shared.resolver.aws.ConfigClusterResolver   :43   [32m        [0;39m Resolving eureka endpoints via configuration
2020-12-14 14:17:17.442 INFO  c.n.d.shared.resolver.aws.ConfigClusterResolver   :43   [32m        [0;39m Resolving eureka endpoints via configuration
2020-12-14 14:22:17.446 INFO  c.n.d.shared.resolver.aws.ConfigClusterResolver   :43   [32m        [0;39m Resolving eureka endpoints via configuration
2020-12-14 14:27:17.447 INFO  c.n.d.shared.resolver.aws.ConfigClusterResolver   :43   [32m        [0;39m Resolving eureka endpoints via configuration
2020-12-14 14:32:17.449 INFO  c.n.d.shared.resolver.aws.ConfigClusterResolver   :43   [32m        [0;39m Resolving eureka endpoints via configuration
2020-12-14 14:37:17.450 INFO  c.n.d.shared.resolver.aws.ConfigClusterResolver   :43   [32m        [0;39m Resolving eureka endpoints via configuration
2020-12-14 14:42:17.453 INFO  c.n.d.shared.resolver.aws.ConfigClusterResolver   :43   [32m        [0;39m Resolving eureka endpoints via configuration
2020-12-14 14:47:17.456 INFO  c.n.d.shared.resolver.aws.ConfigClusterResolver   :43   [32m        [0;39m Resolving eureka endpoints via configuration
2020-12-14 14:52:17.458 INFO  c.n.d.shared.resolver.aws.ConfigClusterResolver   :43   [32m        [0;39m Resolving eureka endpoints via configuration
2020-12-14 14:57:17.459 INFO  c.n.d.shared.resolver.aws.ConfigClusterResolver   :43   [32m        [0;39m Resolving eureka endpoints via configuration
2020-12-14 15:02:17.461 INFO  c.n.d.shared.resolver.aws.ConfigClusterResolver   :43   [32m        [0;39m Resolving eureka endpoints via configuration
2020-12-14 15:07:17.463 INFO  c.n.d.shared.resolver.aws.ConfigClusterResolver   :43   [32m        [0;39m Resolving eureka endpoints via configuration
2020-12-14 15:12:17.464 INFO  c.n.d.shared.resolver.aws.ConfigClusterResolver   :43   [32m        [0;39m Resolving eureka endpoints via configuration
