2020-12-02 11:43:23.915 INFO  org.hibernate.validator.internal.util.Version     :21   [32m        [0;39m HV000001: Hibernate Validator 6.1.5.Final
2020-12-02 11:43:25.569 INFO  com.lzn.file.config.FileApplication               :651  [32m        [0;39m No active profile set, falling back to default profiles: default
2020-12-02 11:43:26.295 INFO  o.springframework.cloud.context.scope.GenericScope:295  [32m        [0;39m BeanFactory id=2f0b7930-2572-3fd6-a121-599d7bc2674d
2020-12-02 11:43:26.987 INFO  o.s.boot.web.embedded.tomcat.TomcatWebServer      :108  [32m        [0;39m Tomcat initialized with port(s): 9003 (http)
2020-12-02 11:43:26.996 INFO  org.apache.coyote.http11.Http11NioProtocol        :173  [32m        [0;39m Initializing ProtocolHandler ["http-nio-9003"]
2020-12-02 11:43:26.998 INFO  org.apache.catalina.core.StandardService          :173  [32m        [0;39m Starting service [Tomcat]
2020-12-02 11:43:26.998 INFO  org.apache.catalina.core.StandardEngine           :173  [32m        [0;39m Starting Servlet engine: [Apache Tomcat/9.0.38]
2020-12-02 11:43:27.095 INFO  o.a.c.c.ContainerBase.[Tomcat].[localhost].[/file]:173  [32m        [0;39m Initializing Spring embedded WebApplicationContext
2020-12-02 11:43:27.095 INFO  o.s.b.w.s.c.ServletWebServerApplicationContext    :285  [32m        [0;39m Root WebApplicationContext: initialization completed in 1506 ms
2020-12-02 11:43:27.718 WARN  com.netflix.config.sources.URLConfigurationSource :121  [32m        [0;39m No URLs will be polled as dynamic configuration sources.
2020-12-02 11:43:27.718 INFO  com.netflix.config.sources.URLConfigurationSource :122  [32m        [0;39m To enable URLs as dynamic configuration sources, define System property archaius.configurationSource.additionalUrls or make config.properties available on classpath.
2020-12-02 11:43:27.724 WARN  com.netflix.config.sources.URLConfigurationSource :121  [32m        [0;39m No URLs will be polled as dynamic configuration sources.
2020-12-02 11:43:27.724 INFO  com.netflix.config.sources.URLConfigurationSource :122  [32m        [0;39m To enable URLs as dynamic configuration sources, define System property archaius.configurationSource.additionalUrls or make config.properties available on classpath.
2020-12-02 11:43:29.118 INFO  org.springframework.cloud.commons.util.InetUtils  :170  [32m        [0;39m Cannot determine local hostname
2020-12-02 11:43:29.165 INFO  o.s.c.n.e.c.DiscoveryClientOptionalArgsConfiguration:78   [32m        [0;39m Eureka HTTP Client uses Jersey
2020-12-02 11:43:30.279 INFO  org.springframework.cloud.commons.util.InetUtils  :170  [32m        [0;39m Cannot determine local hostname
2020-12-02 11:43:30.306 WARN  o.s.c.l.c.BlockingLoadBalancerClientAutoConfiguration$BlockingLoadBalancerClientRibbonWarnLogger:86   [32m        [0;39m You already have RibbonLoadBalancerClient on your classpath. It will be used by default. As Spring Cloud Ribbon is in maintenance mode. We recommend switching to BlockingLoadBalancerClient instead. In order to use it, set the value of `spring.cloud.loadbalancer.ribbon.enabled` to `false` or remove spring-cloud-starter-netflix-ribbon from your project.
2020-12-02 11:43:30.356 INFO  o.s.cloud.netflix.eureka.InstanceInfoFactory      :72   [32m        [0;39m Setting initial instance status as: STARTING
2020-12-02 11:43:30.403 INFO  com.netflix.discovery.DiscoveryClient             :371  [32m        [0;39m Initializing Eureka in region us-east-1
2020-12-02 11:43:30.607 INFO  c.n.discovery.provider.DiscoveryJerseyProvider    :70   [32m        [0;39m Using JSON encoding codec LegacyJacksonJson
2020-12-02 11:43:30.607 INFO  c.n.discovery.provider.DiscoveryJerseyProvider    :71   [32m        [0;39m Using JSON decoding codec LegacyJacksonJson
2020-12-02 11:43:30.702 INFO  c.n.discovery.provider.DiscoveryJerseyProvider    :80   [32m        [0;39m Using XML encoding codec XStreamXml
2020-12-02 11:43:30.702 INFO  c.n.discovery.provider.DiscoveryJerseyProvider    :81   [32m        [0;39m Using XML decoding codec XStreamXml
2020-12-02 11:43:30.879 INFO  c.n.d.shared.resolver.aws.ConfigClusterResolver   :43   [32m        [0;39m Resolving eureka endpoints via configuration
2020-12-02 11:43:30.942 INFO  com.netflix.discovery.DiscoveryClient             :1004 [32m        [0;39m Disable delta property : false
2020-12-02 11:43:30.942 INFO  com.netflix.discovery.DiscoveryClient             :1005 [32m        [0;39m Single vip registry refresh property : null
2020-12-02 11:43:30.942 INFO  com.netflix.discovery.DiscoveryClient             :1006 [32m        [0;39m Force full registry fetch : false
2020-12-02 11:43:30.942 INFO  com.netflix.discovery.DiscoveryClient             :1007 [32m        [0;39m Application is null : false
2020-12-02 11:43:30.942 INFO  com.netflix.discovery.DiscoveryClient             :1008 [32m        [0;39m Registered Applications size is zero : true
2020-12-02 11:43:30.942 INFO  com.netflix.discovery.DiscoveryClient             :1010 [32m        [0;39m Application version is -1: true
2020-12-02 11:43:30.943 INFO  com.netflix.discovery.DiscoveryClient             :1093 [32m        [0;39m Getting all instance registry info from the eureka server
2020-12-02 11:43:31.066 INFO  com.netflix.discovery.DiscoveryClient             :1102 [32m        [0;39m The response status is 200
2020-12-02 11:43:31.067 INFO  com.netflix.discovery.DiscoveryClient             :1317 [32m        [0;39m Starting heartbeat executor: renew interval is: 30
2020-12-02 11:43:31.069 INFO  com.netflix.discovery.InstanceInfoReplicator      :60   [32m        [0;39m InstanceInfoReplicator onDemand update allowed rate per min is 4
2020-12-02 11:43:31.071 INFO  com.netflix.discovery.DiscoveryClient             :491  [32m        [0;39m Discovery Client initialized at timestamp 1606880611070 with initial instances count: 2
2020-12-02 11:43:31.075 INFO  o.s.c.n.e.serviceregistry.EurekaServiceRegistry   :41   [32m        [0;39m Registering application FILE with eureka with status UP
2020-12-02 11:43:31.075 INFO  com.netflix.discovery.DiscoveryClient             :1353 [32m        [0;39m Saw local status change event StatusChangeEvent [timestamp=1606880611075, current=UP, previous=STARTING]
2020-12-02 11:43:31.077 INFO  com.netflix.discovery.DiscoveryClient             :870  [32m        [0;39m DiscoveryClient_FILE/localhost:file:9003: registering service...
2020-12-02 11:43:31.077 INFO  org.apache.coyote.http11.Http11NioProtocol        :173  [32m        [0;39m Starting ProtocolHandler ["http-nio-9003"]
2020-12-02 11:43:31.106 INFO  o.s.boot.web.embedded.tomcat.TomcatWebServer      :220  [32m        [0;39m Tomcat started on port(s): 9003 (http) with context path '/file'
2020-12-02 11:43:31.107 INFO  o.s.c.n.e.s.EurekaAutoServiceRegistration         :145  [32m        [0;39m Updating port to 9003
2020-12-02 11:43:31.108 INFO  com.netflix.discovery.DiscoveryClient             :879  [32m        [0;39m DiscoveryClient_FILE/localhost:file:9003 - registration status: 204
2020-12-02 11:43:32.196 INFO  org.springframework.cloud.commons.util.InetUtils  :170  [32m        [0;39m Cannot determine local hostname
2020-12-02 11:43:32.205 INFO  com.lzn.file.config.FileApplication               :61   [32m        [0;39m Started FileApplication in 10.06 seconds (JVM running for 10.586)
2020-12-02 11:43:32.206 INFO  com.lzn.file.config.FileApplication               :23   [32m        [0;39m 启动成功！！
2020-12-02 11:43:32.206 INFO  com.lzn.file.config.FileApplication               :24   [32m        [0;39m File地址: 	http://127.0.0.1:9003
2020-12-02 11:44:40.798 INFO  o.a.c.c.ContainerBase.[Tomcat].[localhost].[/file]:173  [32m        [0;39m Initializing Spring DispatcherServlet 'dispatcherServlet'
2020-12-02 11:44:40.798 INFO  org.springframework.web.servlet.DispatcherServlet :525  [32m        [0;39m Initializing Servlet 'dispatcherServlet'
2020-12-02 11:44:40.807 INFO  org.springframework.web.servlet.DispatcherServlet :547  [32m        [0;39m Completed initialization in 9 ms
2020-12-02 11:48:30.946 INFO  c.n.d.shared.resolver.aws.ConfigClusterResolver   :43   [32m        [0;39m Resolving eureka endpoints via configuration
2020-12-02 11:53:30.949 INFO  c.n.d.shared.resolver.aws.ConfigClusterResolver   :43   [32m        [0;39m Resolving eureka endpoints via configuration
2020-12-02 11:58:30.951 INFO  c.n.d.shared.resolver.aws.ConfigClusterResolver   :43   [32m        [0;39m Resolving eureka endpoints via configuration
2020-12-02 12:03:30.952 INFO  c.n.d.shared.resolver.aws.ConfigClusterResolver   :43   [32m        [0;39m Resolving eureka endpoints via configuration
2020-12-02 12:08:30.954 INFO  c.n.d.shared.resolver.aws.ConfigClusterResolver   :43   [32m        [0;39m Resolving eureka endpoints via configuration
2020-12-02 12:13:30.956 INFO  c.n.d.shared.resolver.aws.ConfigClusterResolver   :43   [32m        [0;39m Resolving eureka endpoints via configuration
2020-12-02 12:18:30.958 INFO  c.n.d.shared.resolver.aws.ConfigClusterResolver   :43   [32m        [0;39m Resolving eureka endpoints via configuration
2020-12-02 12:23:30.961 INFO  c.n.d.shared.resolver.aws.ConfigClusterResolver   :43   [32m        [0;39m Resolving eureka endpoints via configuration
2020-12-02 12:28:30.964 INFO  c.n.d.shared.resolver.aws.ConfigClusterResolver   :43   [32m        [0;39m Resolving eureka endpoints via configuration
2020-12-02 12:33:30.967 INFO  c.n.d.shared.resolver.aws.ConfigClusterResolver   :43   [32m        [0;39m Resolving eureka endpoints via configuration
2020-12-02 12:38:30.968 INFO  c.n.d.shared.resolver.aws.ConfigClusterResolver   :43   [32m        [0;39m Resolving eureka endpoints via configuration
2020-12-02 12:43:30.970 INFO  c.n.d.shared.resolver.aws.ConfigClusterResolver   :43   [32m        [0;39m Resolving eureka endpoints via configuration
2020-12-02 12:48:30.971 INFO  c.n.d.shared.resolver.aws.ConfigClusterResolver   :43   [32m        [0;39m Resolving eureka endpoints via configuration
2020-12-02 12:53:30.972 INFO  c.n.d.shared.resolver.aws.ConfigClusterResolver   :43   [32m        [0;39m Resolving eureka endpoints via configuration
2020-12-02 12:58:30.973 INFO  c.n.d.shared.resolver.aws.ConfigClusterResolver   :43   [32m        [0;39m Resolving eureka endpoints via configuration
2020-12-02 13:03:30.975 INFO  c.n.d.shared.resolver.aws.ConfigClusterResolver   :43   [32m        [0;39m Resolving eureka endpoints via configuration
2020-12-02 13:08:30.977 INFO  c.n.d.shared.resolver.aws.ConfigClusterResolver   :43   [32m        [0;39m Resolving eureka endpoints via configuration
2020-12-02 13:13:30.979 INFO  c.n.d.shared.resolver.aws.ConfigClusterResolver   :43   [32m        [0;39m Resolving eureka endpoints via configuration
2020-12-02 13:18:30.981 INFO  c.n.d.shared.resolver.aws.ConfigClusterResolver   :43   [32m        [0;39m Resolving eureka endpoints via configuration
2020-12-02 13:23:30.982 INFO  c.n.d.shared.resolver.aws.ConfigClusterResolver   :43   [32m        [0;39m Resolving eureka endpoints via configuration
2020-12-02 13:28:30.983 INFO  c.n.d.shared.resolver.aws.ConfigClusterResolver   :43   [32m        [0;39m Resolving eureka endpoints via configuration
2020-12-02 13:33:30.985 INFO  c.n.d.shared.resolver.aws.ConfigClusterResolver   :43   [32m        [0;39m Resolving eureka endpoints via configuration
2020-12-02 13:38:30.988 INFO  c.n.d.shared.resolver.aws.ConfigClusterResolver   :43   [32m        [0;39m Resolving eureka endpoints via configuration
2020-12-02 13:43:30.990 INFO  c.n.d.shared.resolver.aws.ConfigClusterResolver   :43   [32m        [0;39m Resolving eureka endpoints via configuration
2020-12-02 13:48:30.992 INFO  c.n.d.shared.resolver.aws.ConfigClusterResolver   :43   [32m        [0;39m Resolving eureka endpoints via configuration
2020-12-02 13:53:30.994 INFO  c.n.d.shared.resolver.aws.ConfigClusterResolver   :43   [32m        [0;39m Resolving eureka endpoints via configuration
2020-12-02 13:58:30.996 INFO  c.n.d.shared.resolver.aws.ConfigClusterResolver   :43   [32m        [0;39m Resolving eureka endpoints via configuration
2020-12-02 14:03:30.997 INFO  c.n.d.shared.resolver.aws.ConfigClusterResolver   :43   [32m        [0;39m Resolving eureka endpoints via configuration
2020-12-02 14:08:31.000 INFO  c.n.d.shared.resolver.aws.ConfigClusterResolver   :43   [32m        [0;39m Resolving eureka endpoints via configuration
2020-12-02 14:13:31.002 INFO  c.n.d.shared.resolver.aws.ConfigClusterResolver   :43   [32m        [0;39m Resolving eureka endpoints via configuration
2020-12-02 14:18:31.003 INFO  c.n.d.shared.resolver.aws.ConfigClusterResolver   :43   [32m        [0;39m Resolving eureka endpoints via configuration
2020-12-02 14:23:31.005 INFO  c.n.d.shared.resolver.aws.ConfigClusterResolver   :43   [32m        [0;39m Resolving eureka endpoints via configuration
2020-12-02 14:28:31.006 INFO  c.n.d.shared.resolver.aws.ConfigClusterResolver   :43   [32m        [0;39m Resolving eureka endpoints via configuration
2020-12-02 14:33:31.008 INFO  c.n.d.shared.resolver.aws.ConfigClusterResolver   :43   [32m        [0;39m Resolving eureka endpoints via configuration
2020-12-02 14:38:31.010 INFO  c.n.d.shared.resolver.aws.ConfigClusterResolver   :43   [32m        [0;39m Resolving eureka endpoints via configuration
2020-12-02 14:43:31.011 INFO  c.n.d.shared.resolver.aws.ConfigClusterResolver   :43   [32m        [0;39m Resolving eureka endpoints via configuration
2020-12-02 14:48:31.012 INFO  c.n.d.shared.resolver.aws.ConfigClusterResolver   :43   [32m        [0;39m Resolving eureka endpoints via configuration
2020-12-02 14:53:31.013 INFO  c.n.d.shared.resolver.aws.ConfigClusterResolver   :43   [32m        [0;39m Resolving eureka endpoints via configuration
2020-12-02 14:58:31.014 INFO  c.n.d.shared.resolver.aws.ConfigClusterResolver   :43   [32m        [0;39m Resolving eureka endpoints via configuration
2020-12-02 15:03:31.015 INFO  c.n.d.shared.resolver.aws.ConfigClusterResolver   :43   [32m        [0;39m Resolving eureka endpoints via configuration
2020-12-02 15:08:31.017 INFO  c.n.d.shared.resolver.aws.ConfigClusterResolver   :43   [32m        [0;39m Resolving eureka endpoints via configuration
2020-12-02 15:13:31.019 INFO  c.n.d.shared.resolver.aws.ConfigClusterResolver   :43   [32m        [0;39m Resolving eureka endpoints via configuration
2020-12-02 15:18:31.020 INFO  c.n.d.shared.resolver.aws.ConfigClusterResolver   :43   [32m        [0;39m Resolving eureka endpoints via configuration
2020-12-02 15:23:31.022 INFO  c.n.d.shared.resolver.aws.ConfigClusterResolver   :43   [32m        [0;39m Resolving eureka endpoints via configuration
2020-12-02 15:28:31.024 INFO  c.n.d.shared.resolver.aws.ConfigClusterResolver   :43   [32m        [0;39m Resolving eureka endpoints via configuration
2020-12-02 15:33:31.025 INFO  c.n.d.shared.resolver.aws.ConfigClusterResolver   :43   [32m        [0;39m Resolving eureka endpoints via configuration
2020-12-02 20:00:07.146 INFO  org.hibernate.validator.internal.util.Version     :21   [32m        [0;39m HV000001: Hibernate Validator 6.1.5.Final
2020-12-02 20:00:07.986 INFO  com.lzn.file.config.FileApplication               :651  [32m        [0;39m No active profile set, falling back to default profiles: default
2020-12-02 20:00:08.866 INFO  o.springframework.cloud.context.scope.GenericScope:295  [32m        [0;39m BeanFactory id=2f0b7930-2572-3fd6-a121-599d7bc2674d
2020-12-02 20:00:09.730 INFO  o.s.boot.web.embedded.tomcat.TomcatWebServer      :108  [32m        [0;39m Tomcat initialized with port(s): 9003 (http)
2020-12-02 20:00:09.741 INFO  org.apache.coyote.http11.Http11NioProtocol        :173  [32m        [0;39m Initializing ProtocolHandler ["http-nio-9003"]
2020-12-02 20:00:09.742 INFO  org.apache.catalina.core.StandardService          :173  [32m        [0;39m Starting service [Tomcat]
2020-12-02 20:00:09.742 INFO  org.apache.catalina.core.StandardEngine           :173  [32m        [0;39m Starting Servlet engine: [Apache Tomcat/9.0.38]
2020-12-02 20:00:09.864 INFO  o.a.c.c.ContainerBase.[Tomcat].[localhost].[/file]:173  [32m        [0;39m Initializing Spring embedded WebApplicationContext
2020-12-02 20:00:09.865 INFO  o.s.b.w.s.c.ServletWebServerApplicationContext    :285  [32m        [0;39m Root WebApplicationContext: initialization completed in 1859 ms
2020-12-02 20:00:10.549 WARN  com.netflix.config.sources.URLConfigurationSource :121  [32m        [0;39m No URLs will be polled as dynamic configuration sources.
2020-12-02 20:00:10.549 INFO  com.netflix.config.sources.URLConfigurationSource :122  [32m        [0;39m To enable URLs as dynamic configuration sources, define System property archaius.configurationSource.additionalUrls or make config.properties available on classpath.
2020-12-02 20:00:10.556 WARN  com.netflix.config.sources.URLConfigurationSource :121  [32m        [0;39m No URLs will be polled as dynamic configuration sources.
2020-12-02 20:00:10.556 INFO  com.netflix.config.sources.URLConfigurationSource :122  [32m        [0;39m To enable URLs as dynamic configuration sources, define System property archaius.configurationSource.additionalUrls or make config.properties available on classpath.
2020-12-02 20:00:10.993 INFO  o.s.c.n.e.c.DiscoveryClientOptionalArgsConfiguration:78   [32m        [0;39m Eureka HTTP Client uses Jersey
2020-12-02 20:00:11.193 WARN  o.s.c.l.c.BlockingLoadBalancerClientAutoConfiguration$BlockingLoadBalancerClientRibbonWarnLogger:86   [32m        [0;39m You already have RibbonLoadBalancerClient on your classpath. It will be used by default. As Spring Cloud Ribbon is in maintenance mode. We recommend switching to BlockingLoadBalancerClient instead. In order to use it, set the value of `spring.cloud.loadbalancer.ribbon.enabled` to `false` or remove spring-cloud-starter-netflix-ribbon from your project.
2020-12-02 20:00:11.259 INFO  o.s.cloud.netflix.eureka.InstanceInfoFactory      :72   [32m        [0;39m Setting initial instance status as: STARTING
2020-12-02 20:00:11.308 INFO  com.netflix.discovery.DiscoveryClient             :371  [32m        [0;39m Initializing Eureka in region us-east-1
2020-12-02 20:00:11.547 INFO  c.n.discovery.provider.DiscoveryJerseyProvider    :70   [32m        [0;39m Using JSON encoding codec LegacyJacksonJson
2020-12-02 20:00:11.548 INFO  c.n.discovery.provider.DiscoveryJerseyProvider    :71   [32m        [0;39m Using JSON decoding codec LegacyJacksonJson
2020-12-02 20:00:11.660 INFO  c.n.discovery.provider.DiscoveryJerseyProvider    :80   [32m        [0;39m Using XML encoding codec XStreamXml
2020-12-02 20:00:11.661 INFO  c.n.discovery.provider.DiscoveryJerseyProvider    :81   [32m        [0;39m Using XML decoding codec XStreamXml
2020-12-02 20:00:11.869 INFO  c.n.d.shared.resolver.aws.ConfigClusterResolver   :43   [32m        [0;39m Resolving eureka endpoints via configuration
2020-12-02 20:00:11.963 INFO  com.netflix.discovery.DiscoveryClient             :1004 [32m        [0;39m Disable delta property : false
2020-12-02 20:00:11.964 INFO  com.netflix.discovery.DiscoveryClient             :1005 [32m        [0;39m Single vip registry refresh property : null
2020-12-02 20:00:11.964 INFO  com.netflix.discovery.DiscoveryClient             :1006 [32m        [0;39m Force full registry fetch : false
2020-12-02 20:00:11.964 INFO  com.netflix.discovery.DiscoveryClient             :1007 [32m        [0;39m Application is null : false
2020-12-02 20:00:11.964 INFO  com.netflix.discovery.DiscoveryClient             :1008 [32m        [0;39m Registered Applications size is zero : true
2020-12-02 20:00:11.964 INFO  com.netflix.discovery.DiscoveryClient             :1010 [32m        [0;39m Application version is -1: true
2020-12-02 20:00:11.964 INFO  com.netflix.discovery.DiscoveryClient             :1093 [32m        [0;39m Getting all instance registry info from the eureka server
2020-12-02 20:00:12.050 INFO  com.netflix.discovery.DiscoveryClient             :1102 [32m        [0;39m The response status is 200
2020-12-02 20:00:12.051 INFO  com.netflix.discovery.DiscoveryClient             :1317 [32m        [0;39m Starting heartbeat executor: renew interval is: 30
2020-12-02 20:00:12.053 INFO  com.netflix.discovery.InstanceInfoReplicator      :60   [32m        [0;39m InstanceInfoReplicator onDemand update allowed rate per min is 4
2020-12-02 20:00:12.056 INFO  com.netflix.discovery.DiscoveryClient             :491  [32m        [0;39m Discovery Client initialized at timestamp 1606910412055 with initial instances count: 0
2020-12-02 20:00:12.061 INFO  o.s.c.n.e.serviceregistry.EurekaServiceRegistry   :41   [32m        [0;39m Registering application FILE with eureka with status UP
2020-12-02 20:00:12.062 INFO  com.netflix.discovery.DiscoveryClient             :1353 [32m        [0;39m Saw local status change event StatusChangeEvent [timestamp=1606910412062, current=UP, previous=STARTING]
2020-12-02 20:00:12.063 INFO  com.netflix.discovery.DiscoveryClient             :870  [32m        [0;39m DiscoveryClient_FILE/DESKTOP-20I4D4F:file:9003: registering service...
2020-12-02 20:00:12.064 INFO  org.apache.coyote.http11.Http11NioProtocol        :173  [32m        [0;39m Starting ProtocolHandler ["http-nio-9003"]
2020-12-02 20:00:12.091 INFO  o.s.boot.web.embedded.tomcat.TomcatWebServer      :220  [32m        [0;39m Tomcat started on port(s): 9003 (http) with context path '/file'
2020-12-02 20:00:12.092 INFO  o.s.c.n.e.s.EurekaAutoServiceRegistration         :145  [32m        [0;39m Updating port to 9003
2020-12-02 20:00:12.129 INFO  com.netflix.discovery.DiscoveryClient             :879  [32m        [0;39m DiscoveryClient_FILE/DESKTOP-20I4D4F:file:9003 - registration status: 204
2020-12-02 20:00:12.240 INFO  com.lzn.file.config.FileApplication               :61   [32m        [0;39m Started FileApplication in 5.966 seconds (JVM running for 6.59)
2020-12-02 20:00:12.241 INFO  com.lzn.file.config.FileApplication               :23   [32m        [0;39m 启动成功！！
2020-12-02 20:00:12.241 INFO  com.lzn.file.config.FileApplication               :24   [32m        [0;39m File地址: 	http://127.0.0.1:9003
2020-12-02 20:00:42.053 INFO  com.netflix.discovery.DiscoveryClient             :1004 [32m        [0;39m Disable delta property : false
2020-12-02 20:00:42.054 INFO  com.netflix.discovery.DiscoveryClient             :1005 [32m        [0;39m Single vip registry refresh property : null
2020-12-02 20:00:42.054 INFO  com.netflix.discovery.DiscoveryClient             :1006 [32m        [0;39m Force full registry fetch : false
2020-12-02 20:00:42.054 INFO  com.netflix.discovery.DiscoveryClient             :1007 [32m        [0;39m Application is null : false
2020-12-02 20:00:42.054 INFO  com.netflix.discovery.DiscoveryClient             :1008 [32m        [0;39m Registered Applications size is zero : true
2020-12-02 20:00:42.054 INFO  com.netflix.discovery.DiscoveryClient             :1010 [32m        [0;39m Application version is -1: false
2020-12-02 20:00:42.054 INFO  com.netflix.discovery.DiscoveryClient             :1093 [32m        [0;39m Getting all instance registry info from the eureka server
2020-12-02 20:00:42.082 INFO  com.netflix.discovery.DiscoveryClient             :1102 [32m        [0;39m The response status is 200
2020-12-02 20:05:11.966 INFO  c.n.d.shared.resolver.aws.ConfigClusterResolver   :43   [32m        [0;39m Resolving eureka endpoints via configuration
2020-12-02 20:10:11.968 INFO  c.n.d.shared.resolver.aws.ConfigClusterResolver   :43   [32m        [0;39m Resolving eureka endpoints via configuration
2020-12-02 20:15:11.969 INFO  c.n.d.shared.resolver.aws.ConfigClusterResolver   :43   [32m        [0;39m Resolving eureka endpoints via configuration
2020-12-02 20:20:11.972 INFO  c.n.d.shared.resolver.aws.ConfigClusterResolver   :43   [32m        [0;39m Resolving eureka endpoints via configuration
2020-12-02 20:25:11.974 INFO  c.n.d.shared.resolver.aws.ConfigClusterResolver   :43   [32m        [0;39m Resolving eureka endpoints via configuration
2020-12-02 20:30:11.976 INFO  c.n.d.shared.resolver.aws.ConfigClusterResolver   :43   [32m        [0;39m Resolving eureka endpoints via configuration
2020-12-02 20:35:11.977 INFO  c.n.d.shared.resolver.aws.ConfigClusterResolver   :43   [32m        [0;39m Resolving eureka endpoints via configuration
2020-12-02 20:40:11.980 INFO  c.n.d.shared.resolver.aws.ConfigClusterResolver   :43   [32m        [0;39m Resolving eureka endpoints via configuration
2020-12-02 20:45:11.981 INFO  c.n.d.shared.resolver.aws.ConfigClusterResolver   :43   [32m        [0;39m Resolving eureka endpoints via configuration
2020-12-02 20:50:11.984 INFO  c.n.d.shared.resolver.aws.ConfigClusterResolver   :43   [32m        [0;39m Resolving eureka endpoints via configuration
2020-12-02 20:55:11.985 INFO  c.n.d.shared.resolver.aws.ConfigClusterResolver   :43   [32m        [0;39m Resolving eureka endpoints via configuration
2020-12-02 21:00:11.988 INFO  c.n.d.shared.resolver.aws.ConfigClusterResolver   :43   [32m        [0;39m Resolving eureka endpoints via configuration
2020-12-02 21:05:11.989 INFO  c.n.d.shared.resolver.aws.ConfigClusterResolver   :43   [32m        [0;39m Resolving eureka endpoints via configuration
2020-12-02 21:10:11.990 INFO  c.n.d.shared.resolver.aws.ConfigClusterResolver   :43   [32m        [0;39m Resolving eureka endpoints via configuration
2020-12-02 21:15:11.991 INFO  c.n.d.shared.resolver.aws.ConfigClusterResolver   :43   [32m        [0;39m Resolving eureka endpoints via configuration
2020-12-02 21:20:11.994 INFO  c.n.d.shared.resolver.aws.ConfigClusterResolver   :43   [32m        [0;39m Resolving eureka endpoints via configuration
2020-12-02 21:25:11.995 INFO  c.n.d.shared.resolver.aws.ConfigClusterResolver   :43   [32m        [0;39m Resolving eureka endpoints via configuration
2020-12-02 21:30:11.996 INFO  c.n.d.shared.resolver.aws.ConfigClusterResolver   :43   [32m        [0;39m Resolving eureka endpoints via configuration
2020-12-02 21:30:47.150 INFO  o.a.c.c.ContainerBase.[Tomcat].[localhost].[/file]:173  [32m        [0;39m Initializing Spring DispatcherServlet 'dispatcherServlet'
2020-12-02 21:30:47.151 INFO  org.springframework.web.servlet.DispatcherServlet :525  [32m        [0;39m Initializing Servlet 'dispatcherServlet'
2020-12-02 21:30:47.191 INFO  org.springframework.web.servlet.DispatcherServlet :547  [32m        [0;39m Completed initialization in 40 ms
