2020-12-08 09:23:15.372 INFO  org.hibernate.validator.internal.util.Version     :21   [32m        [0;39m HV000001: Hibernate Validator 6.1.5.Final
2020-12-08 09:23:16.840 INFO  com.lzn.GatewayApplication                        :651  [32m        [0;39m No active profile set, falling back to default profiles: default
2020-12-08 09:23:18.051 INFO  o.springframework.cloud.context.scope.GenericScope:295  [32m        [0;39m BeanFactory id=d936f133-6f28-3a67-b841-7f4a7ab6072f
2020-12-08 09:23:18.101 INFO  o.s.c.s.PostProcessorRegistrationDelegate$BeanPostProcessorChecker:335  [32m        [0;39m Bean 'org.springframework.cloud.client.loadbalancer.reactive.LoadBalancerBeanPostProcessorAutoConfiguration' of type [org.springframework.cloud.client.loadbalancer.reactive.LoadBalancerBeanPostProcessorAutoConfiguration] is not eligible for getting processed by all BeanPostProcessors (for example: not eligible for auto-proxying)
2020-12-08 09:23:18.135 INFO  o.s.c.s.PostProcessorRegistrationDelegate$BeanPostProcessorChecker:335  [32m        [0;39m Bean 'org.springframework.cloud.client.loadbalancer.reactive.LoadBalancerBeanPostProcessorAutoConfiguration$ReactiveLoadBalancerConfig' of type [org.springframework.cloud.client.loadbalancer.reactive.LoadBalancerBeanPostProcessorAutoConfiguration$ReactiveLoadBalancerConfig] is not eligible for getting processed by all BeanPostProcessors (for example: not eligible for auto-proxying)
2020-12-08 09:23:18.138 INFO  o.s.c.s.PostProcessorRegistrationDelegate$BeanPostProcessorChecker:335  [32m        [0;39m Bean 'deferringLoadBalancerExchangeFilterFunction' of type [org.springframework.cloud.client.loadbalancer.reactive.DeferringLoadBalancerExchangeFilterFunction] is not eligible for getting processed by all BeanPostProcessors (for example: not eligible for auto-proxying)
2020-12-08 09:23:19.007 WARN  com.netflix.config.sources.URLConfigurationSource :121  [32m        [0;39m No URLs will be polled as dynamic configuration sources.
2020-12-08 09:23:19.007 INFO  com.netflix.config.sources.URLConfigurationSource :122  [32m        [0;39m To enable URLs as dynamic configuration sources, define System property archaius.configurationSource.additionalUrls or make config.properties available on classpath.
2020-12-08 09:23:19.095 WARN  com.netflix.config.sources.URLConfigurationSource :121  [32m        [0;39m No URLs will be polled as dynamic configuration sources.
2020-12-08 09:23:19.095 INFO  com.netflix.config.sources.URLConfigurationSource :122  [32m        [0;39m To enable URLs as dynamic configuration sources, define System property archaius.configurationSource.additionalUrls or make config.properties available on classpath.
2020-12-08 09:23:19.150 INFO  o.s.c.n.e.c.DiscoveryClientOptionalArgsConfiguration:78   [32m        [0;39m Eureka HTTP Client uses Jersey
2020-12-08 09:23:20.290 INFO  org.springframework.cloud.commons.util.InetUtils  :170  [32m        [0;39m Cannot determine local hostname
2020-12-08 09:23:21.394 INFO  org.springframework.cloud.commons.util.InetUtils  :170  [32m        [0;39m Cannot determine local hostname
2020-12-08 09:23:23.486 INFO  o.s.c.gateway.route.RouteDefinitionRouteLocator   :139  [32m        [0;39m Loaded RoutePredicateFactory [After]
2020-12-08 09:23:23.487 INFO  o.s.c.gateway.route.RouteDefinitionRouteLocator   :139  [32m        [0;39m Loaded RoutePredicateFactory [Before]
2020-12-08 09:23:23.487 INFO  o.s.c.gateway.route.RouteDefinitionRouteLocator   :139  [32m        [0;39m Loaded RoutePredicateFactory [Between]
2020-12-08 09:23:23.487 INFO  o.s.c.gateway.route.RouteDefinitionRouteLocator   :139  [32m        [0;39m Loaded RoutePredicateFactory [Cookie]
2020-12-08 09:23:23.487 INFO  o.s.c.gateway.route.RouteDefinitionRouteLocator   :139  [32m        [0;39m Loaded RoutePredicateFactory [Header]
2020-12-08 09:23:23.487 INFO  o.s.c.gateway.route.RouteDefinitionRouteLocator   :139  [32m        [0;39m Loaded RoutePredicateFactory [Host]
2020-12-08 09:23:23.487 INFO  o.s.c.gateway.route.RouteDefinitionRouteLocator   :139  [32m        [0;39m Loaded RoutePredicateFactory [Method]
2020-12-08 09:23:23.487 INFO  o.s.c.gateway.route.RouteDefinitionRouteLocator   :139  [32m        [0;39m Loaded RoutePredicateFactory [Path]
2020-12-08 09:23:23.488 INFO  o.s.c.gateway.route.RouteDefinitionRouteLocator   :139  [32m        [0;39m Loaded RoutePredicateFactory [Query]
2020-12-08 09:23:23.488 INFO  o.s.c.gateway.route.RouteDefinitionRouteLocator   :139  [32m        [0;39m Loaded RoutePredicateFactory [ReadBodyPredicateFactory]
2020-12-08 09:23:23.488 INFO  o.s.c.gateway.route.RouteDefinitionRouteLocator   :139  [32m        [0;39m Loaded RoutePredicateFactory [RemoteAddr]
2020-12-08 09:23:23.488 INFO  o.s.c.gateway.route.RouteDefinitionRouteLocator   :139  [32m        [0;39m Loaded RoutePredicateFactory [Weight]
2020-12-08 09:23:23.488 INFO  o.s.c.gateway.route.RouteDefinitionRouteLocator   :139  [32m        [0;39m Loaded RoutePredicateFactory [CloudFoundryRouteService]
2020-12-08 09:23:25.007 INFO  org.springframework.cloud.commons.util.InetUtils  :170  [32m        [0;39m Cannot determine local hostname
2020-12-08 09:23:26.085 INFO  org.springframework.cloud.commons.util.InetUtils  :170  [32m        [0;39m Cannot determine local hostname
2020-12-08 09:23:26.087 WARN  o.s.c.l.c.BlockingLoadBalancerClientAutoConfiguration$BlockingLoadBalancerClientRibbonWarnLogger:86   [32m        [0;39m You already have RibbonLoadBalancerClient on your classpath. It will be used by default. As Spring Cloud Ribbon is in maintenance mode. We recommend switching to BlockingLoadBalancerClient instead. In order to use it, set the value of `spring.cloud.loadbalancer.ribbon.enabled` to `false` or remove spring-cloud-starter-netflix-ribbon from your project.
2020-12-08 09:23:26.095 WARN  o.s.c.c.l.r.ReactorLoadBalancerClientAutoConfiguration$ReactorLoadBalancerClientRibbonWarnLogger:77   [32m        [0;39m You have RibbonLoadBalancerClient on your classpath. LoadBalancerExchangeFilterFunction that uses it under the hood will be used by default. Spring Cloud Ribbon is now in maintenance mode, so we suggest switching to ReactorLoadBalancerExchangeFilterFunction instead. In order to use it, set the value of `spring.cloud.loadbalancer.ribbon.enabled` to `false` or remove spring-cloud-starter-netflix-ribbon from your project.
2020-12-08 09:23:26.120 INFO  o.s.cloud.netflix.eureka.InstanceInfoFactory      :72   [32m        [0;39m Setting initial instance status as: STARTING
2020-12-08 09:23:26.167 INFO  com.netflix.discovery.DiscoveryClient             :371  [32m        [0;39m Initializing Eureka in region us-east-1
2020-12-08 09:23:26.691 INFO  c.n.discovery.provider.DiscoveryJerseyProvider    :70   [32m        [0;39m Using JSON encoding codec LegacyJacksonJson
2020-12-08 09:23:26.691 INFO  c.n.discovery.provider.DiscoveryJerseyProvider    :71   [32m        [0;39m Using JSON decoding codec LegacyJacksonJson
2020-12-08 09:23:26.789 INFO  c.n.discovery.provider.DiscoveryJerseyProvider    :80   [32m        [0;39m Using XML encoding codec XStreamXml
2020-12-08 09:23:26.789 INFO  c.n.discovery.provider.DiscoveryJerseyProvider    :81   [32m        [0;39m Using XML decoding codec XStreamXml
2020-12-08 09:23:27.121 INFO  c.n.d.shared.resolver.aws.ConfigClusterResolver   :43   [32m        [0;39m Resolving eureka endpoints via configuration
2020-12-08 09:23:27.197 INFO  com.netflix.discovery.DiscoveryClient             :1004 [32m        [0;39m Disable delta property : false
2020-12-08 09:23:27.198 INFO  com.netflix.discovery.DiscoveryClient             :1005 [32m        [0;39m Single vip registry refresh property : null
2020-12-08 09:23:27.198 INFO  com.netflix.discovery.DiscoveryClient             :1006 [32m        [0;39m Force full registry fetch : false
2020-12-08 09:23:27.198 INFO  com.netflix.discovery.DiscoveryClient             :1007 [32m        [0;39m Application is null : false
2020-12-08 09:23:27.198 INFO  com.netflix.discovery.DiscoveryClient             :1008 [32m        [0;39m Registered Applications size is zero : true
2020-12-08 09:23:27.198 INFO  com.netflix.discovery.DiscoveryClient             :1010 [32m        [0;39m Application version is -1: true
2020-12-08 09:23:27.198 INFO  com.netflix.discovery.DiscoveryClient             :1093 [32m        [0;39m Getting all instance registry info from the eureka server
2020-12-08 09:23:27.902 INFO  com.netflix.discovery.DiscoveryClient             :1102 [32m        [0;39m The response status is 200
2020-12-08 09:23:27.904 INFO  com.netflix.discovery.DiscoveryClient             :1317 [32m        [0;39m Starting heartbeat executor: renew interval is: 30
2020-12-08 09:23:27.906 INFO  com.netflix.discovery.InstanceInfoReplicator      :60   [32m        [0;39m InstanceInfoReplicator onDemand update allowed rate per min is 4
2020-12-08 09:23:27.908 INFO  com.netflix.discovery.DiscoveryClient             :491  [32m        [0;39m Discovery Client initialized at timestamp 1607390607907 with initial instances count: 0
2020-12-08 09:23:27.909 INFO  o.s.c.n.e.serviceregistry.EurekaServiceRegistry   :41   [32m        [0;39m Registering application GATEWAY with eureka with status UP
2020-12-08 09:23:27.909 INFO  com.netflix.discovery.DiscoveryClient             :1353 [32m        [0;39m Saw local status change event StatusChangeEvent [timestamp=1607390607909, current=UP, previous=STARTING]
2020-12-08 09:23:27.911 INFO  com.netflix.discovery.DiscoveryClient             :870  [32m        [0;39m DiscoveryClient_GATEWAY/localhost:gateway:9000: registering service...
2020-12-08 09:23:28.226 INFO  com.netflix.discovery.DiscoveryClient             :879  [32m        [0;39m DiscoveryClient_GATEWAY/localhost:gateway:9000 - registration status: 204
2020-12-08 09:23:28.643 INFO  o.s.boot.web.embedded.netty.NettyWebServer        :109  [32m        [0;39m Netty started on port(s): 9000
2020-12-08 09:23:28.644 INFO  o.s.c.n.e.s.EurekaAutoServiceRegistration         :145  [32m        [0;39m Updating port to 9000
2020-12-08 09:23:29.719 INFO  org.springframework.cloud.commons.util.InetUtils  :170  [32m        [0;39m Cannot determine local hostname
2020-12-08 09:23:30.818 INFO  org.springframework.cloud.commons.util.InetUtils  :170  [32m        [0;39m Cannot determine local hostname
2020-12-08 09:23:30.833 INFO  com.lzn.GatewayApplication                        :61   [32m        [0;39m Started GatewayApplication in 16.835 seconds (JVM running for 17.52)
2020-12-08 09:23:30.834 INFO  com.lzn.GatewayApplication                        :27   [32m        [0;39m 启动成功！！
2020-12-08 09:23:30.834 INFO  com.lzn.GatewayApplication                        :28   [32m        [0;39m Gateway: 	http://127.0.0.1:9000
2020-12-08 09:23:57.919 INFO  com.netflix.discovery.DiscoveryClient             :1004 [32m        [0;39m Disable delta property : false
2020-12-08 09:23:57.919 INFO  com.netflix.discovery.DiscoveryClient             :1005 [32m        [0;39m Single vip registry refresh property : null
2020-12-08 09:23:57.919 INFO  com.netflix.discovery.DiscoveryClient             :1006 [32m        [0;39m Force full registry fetch : false
2020-12-08 09:23:57.919 INFO  com.netflix.discovery.DiscoveryClient             :1007 [32m        [0;39m Application is null : false
2020-12-08 09:23:57.919 INFO  com.netflix.discovery.DiscoveryClient             :1008 [32m        [0;39m Registered Applications size is zero : true
2020-12-08 09:23:57.920 INFO  com.netflix.discovery.DiscoveryClient             :1010 [32m        [0;39m Application version is -1: false
2020-12-08 09:23:57.920 INFO  com.netflix.discovery.DiscoveryClient             :1093 [32m        [0;39m Getting all instance registry info from the eureka server
2020-12-08 09:23:57.948 INFO  com.netflix.discovery.DiscoveryClient             :1102 [32m        [0;39m The response status is 200
2020-12-08 09:28:27.203 INFO  c.n.d.shared.resolver.aws.ConfigClusterResolver   :43   [32m        [0;39m Resolving eureka endpoints via configuration
2020-12-08 09:33:27.207 INFO  c.n.d.shared.resolver.aws.ConfigClusterResolver   :43   [32m        [0;39m Resolving eureka endpoints via configuration
2020-12-08 09:36:10.514 INFO  com.netflix.config.ChainedDynamicProperty         :115  [32m        [0;39m Flipping property: business.ribbon.ActiveConnectionsLimit to use NEXT property: niws.loadbalancer.availabilityFilteringRule.activeConnectionsLimit = 2147483647
2020-12-08 09:36:10.536 INFO  com.netflix.util.concurrent.ShutdownEnabledTimer  :58   [32m        [0;39m Shutdown hook installed for: NFLoadBalancer-PingTimer-business
2020-12-08 09:36:10.537 INFO  com.netflix.loadbalancer.BaseLoadBalancer         :197  [32m        [0;39m Client: business instantiated a LoadBalancer: DynamicServerListLoadBalancer:{NFLoadBalancer:name=business,current list of Servers=[],Load balancer stats=Zone stats: {},Server stats: []}ServerList:null
2020-12-08 09:36:10.544 INFO  c.n.loadbalancer.DynamicServerListLoadBalancer    :222  [32m        [0;39m Using serverListUpdater PollingServerListUpdater
2020-12-08 09:36:10.563 INFO  com.netflix.config.ChainedDynamicProperty         :115  [32m        [0;39m Flipping property: business.ribbon.ActiveConnectionsLimit to use NEXT property: niws.loadbalancer.availabilityFilteringRule.activeConnectionsLimit = 2147483647
2020-12-08 09:36:10.564 INFO  c.n.loadbalancer.DynamicServerListLoadBalancer    :150  [32m        [0;39m DynamicServerListLoadBalancer for client business initialized: DynamicServerListLoadBalancer:{NFLoadBalancer:name=business,current list of Servers=[localhost:9002],Load balancer stats=Zone stats: {defaultzone=[Zone:defaultzone;	Instance count:1;	Active connections count: 0;	Circuit breaker tripped count: 0;	Active connections per server: 0.0;]
},Server stats: [[Server:localhost:9002;	Zone:defaultZone;	Total Requests:0;	Successive connection failure:0;	Total blackout seconds:0;	Last connection made:Thu Jan 01 08:00:00 CST 1970;	First connection made: Thu Jan 01 08:00:00 CST 1970;	Active Connections:0;	total failure count in last (1000) msecs:0;	average resp time:0.0;	90 percentile resp time:0.0;	95 percentile resp time:0.0;	min resp time:0.0;	max resp time:0.0;	stddev resp time:0.0]
]}ServerList:org.springframework.cloud.netflix.ribbon.eureka.DomainExtractingServerList@421e6a2e
2020-12-08 09:36:11.522 INFO  com.netflix.config.ChainedDynamicProperty         :115  [32m        [0;39m Flipping property: file.ribbon.ActiveConnectionsLimit to use NEXT property: niws.loadbalancer.availabilityFilteringRule.activeConnectionsLimit = 2147483647
2020-12-08 09:36:11.525 INFO  com.netflix.util.concurrent.ShutdownEnabledTimer  :58   [32m        [0;39m Shutdown hook installed for: NFLoadBalancer-PingTimer-file
2020-12-08 09:36:11.526 INFO  com.netflix.loadbalancer.BaseLoadBalancer         :197  [32m        [0;39m Client: file instantiated a LoadBalancer: DynamicServerListLoadBalancer:{NFLoadBalancer:name=file,current list of Servers=[],Load balancer stats=Zone stats: {},Server stats: []}ServerList:null
2020-12-08 09:36:11.531 INFO  c.n.loadbalancer.DynamicServerListLoadBalancer    :222  [32m        [0;39m Using serverListUpdater PollingServerListUpdater
2020-12-08 09:36:11.533 INFO  com.netflix.config.ChainedDynamicProperty         :115  [32m        [0;39m Flipping property: file.ribbon.ActiveConnectionsLimit to use NEXT property: niws.loadbalancer.availabilityFilteringRule.activeConnectionsLimit = 2147483647
2020-12-08 09:36:11.534 INFO  c.n.loadbalancer.DynamicServerListLoadBalancer    :150  [32m        [0;39m DynamicServerListLoadBalancer for client file initialized: DynamicServerListLoadBalancer:{NFLoadBalancer:name=file,current list of Servers=[localhost:9003],Load balancer stats=Zone stats: {defaultzone=[Zone:defaultzone;	Instance count:1;	Active connections count: 0;	Circuit breaker tripped count: 0;	Active connections per server: 0.0;]
},Server stats: [[Server:localhost:9003;	Zone:defaultZone;	Total Requests:0;	Successive connection failure:0;	Total blackout seconds:0;	Last connection made:Thu Jan 01 08:00:00 CST 1970;	First connection made: Thu Jan 01 08:00:00 CST 1970;	Active Connections:0;	total failure count in last (1000) msecs:0;	average resp time:0.0;	90 percentile resp time:0.0;	95 percentile resp time:0.0;	min resp time:0.0;	max resp time:0.0;	stddev resp time:0.0]
]}ServerList:org.springframework.cloud.netflix.ribbon.eureka.DomainExtractingServerList@55d0dfba
2020-12-08 09:36:11.547 INFO  com.netflix.config.ChainedDynamicProperty         :115  [32m        [0;39m Flipping property: business.ribbon.ActiveConnectionsLimit to use NEXT property: niws.loadbalancer.availabilityFilteringRule.activeConnectionsLimit = 2147483647
2020-12-08 09:36:12.533 INFO  com.netflix.config.ChainedDynamicProperty         :115  [32m        [0;39m Flipping property: file.ribbon.ActiveConnectionsLimit to use NEXT property: niws.loadbalancer.availabilityFilteringRule.activeConnectionsLimit = 2147483647
2020-12-08 09:38:27.209 INFO  c.n.d.shared.resolver.aws.ConfigClusterResolver   :43   [32m        [0;39m Resolving eureka endpoints via configuration
2020-12-08 09:43:27.212 INFO  c.n.d.shared.resolver.aws.ConfigClusterResolver   :43   [32m        [0;39m Resolving eureka endpoints via configuration
2020-12-08 09:48:27.213 INFO  c.n.d.shared.resolver.aws.ConfigClusterResolver   :43   [32m        [0;39m Resolving eureka endpoints via configuration
2020-12-08 09:53:27.215 INFO  c.n.d.shared.resolver.aws.ConfigClusterResolver   :43   [32m        [0;39m Resolving eureka endpoints via configuration
2020-12-08 09:58:27.218 INFO  c.n.d.shared.resolver.aws.ConfigClusterResolver   :43   [32m        [0;39m Resolving eureka endpoints via configuration
2020-12-08 10:03:27.219 INFO  c.n.d.shared.resolver.aws.ConfigClusterResolver   :43   [32m        [0;39m Resolving eureka endpoints via configuration
2020-12-08 10:08:27.221 INFO  c.n.d.shared.resolver.aws.ConfigClusterResolver   :43   [32m        [0;39m Resolving eureka endpoints via configuration
2020-12-08 10:08:50.078 WARN  reactor.netty.channel.FluxReceive                 :294  [32m        [0;39m [id: 0x0d1e03f6, L:/127.0.0.1:9000 - R:/127.0.0.1:12581] An exception has been observed post termination, use DEBUG level to see the full stack: java.io.IOException: 你的主机中的软件中止了一个已建立的连接。
2020-12-08 10:13:27.222 INFO  c.n.d.shared.resolver.aws.ConfigClusterResolver   :43   [32m        [0;39m Resolving eureka endpoints via configuration
2020-12-08 10:18:27.224 INFO  c.n.d.shared.resolver.aws.ConfigClusterResolver   :43   [32m        [0;39m Resolving eureka endpoints via configuration
2020-12-08 10:23:27.226 INFO  c.n.d.shared.resolver.aws.ConfigClusterResolver   :43   [32m        [0;39m Resolving eureka endpoints via configuration
2020-12-08 10:28:27.227 INFO  c.n.d.shared.resolver.aws.ConfigClusterResolver   :43   [32m        [0;39m Resolving eureka endpoints via configuration
2020-12-08 10:33:27.229 INFO  c.n.d.shared.resolver.aws.ConfigClusterResolver   :43   [32m        [0;39m Resolving eureka endpoints via configuration
2020-12-08 10:38:27.231 INFO  c.n.d.shared.resolver.aws.ConfigClusterResolver   :43   [32m        [0;39m Resolving eureka endpoints via configuration
2020-12-08 10:43:27.233 INFO  c.n.d.shared.resolver.aws.ConfigClusterResolver   :43   [32m        [0;39m Resolving eureka endpoints via configuration
2020-12-08 10:48:27.234 INFO  c.n.d.shared.resolver.aws.ConfigClusterResolver   :43   [32m        [0;39m Resolving eureka endpoints via configuration
2020-12-08 10:53:27.236 INFO  c.n.d.shared.resolver.aws.ConfigClusterResolver   :43   [32m        [0;39m Resolving eureka endpoints via configuration
2020-12-08 10:54:17.258 WARN  reactor.netty.channel.FluxReceive                 :294  [32m        [0;39m [id: 0x522dcba4, L:/127.0.0.1:9000 - R:/127.0.0.1:14515] An exception has been observed post termination, use DEBUG level to see the full stack: java.io.IOException: 你的主机中的软件中止了一个已建立的连接。
2020-12-08 10:54:17.968 WARN  reactor.netty.channel.FluxReceive                 :294  [32m        [0;39m [id: 0x4f163563, L:/127.0.0.1:9000 - R:/127.0.0.1:14518] An exception has been observed post termination, use DEBUG level to see the full stack: java.io.IOException: 你的主机中的软件中止了一个已建立的连接。
2020-12-08 10:54:26.252 WARN  reactor.netty.channel.FluxReceive                 :294  [32m        [0;39m [id: 0xc553cfa3, L:/127.0.0.1:9000 - R:/127.0.0.1:14520] An exception has been observed post termination, use DEBUG level to see the full stack: java.io.IOException: 你的主机中的软件中止了一个已建立的连接。
2020-12-08 10:58:27.238 INFO  c.n.d.shared.resolver.aws.ConfigClusterResolver   :43   [32m        [0;39m Resolving eureka endpoints via configuration
2020-12-08 11:03:27.240 INFO  c.n.d.shared.resolver.aws.ConfigClusterResolver   :43   [32m        [0;39m Resolving eureka endpoints via configuration
2020-12-08 11:08:27.241 INFO  c.n.d.shared.resolver.aws.ConfigClusterResolver   :43   [32m        [0;39m Resolving eureka endpoints via configuration
2020-12-08 11:13:27.243 INFO  c.n.d.shared.resolver.aws.ConfigClusterResolver   :43   [32m        [0;39m Resolving eureka endpoints via configuration
2020-12-08 11:15:17.160 WARN  reactor.netty.channel.FluxReceive                 :294  [32m        [0;39m [id: 0x6f6ad80b, L:/127.0.0.1:9000 - R:/127.0.0.1:1542] An exception has been observed post termination, use DEBUG level to see the full stack: java.io.IOException: 你的主机中的软件中止了一个已建立的连接。
2020-12-08 11:18:27.244 INFO  c.n.d.shared.resolver.aws.ConfigClusterResolver   :43   [32m        [0;39m Resolving eureka endpoints via configuration
2020-12-08 11:23:27.246 INFO  c.n.d.shared.resolver.aws.ConfigClusterResolver   :43   [32m        [0;39m Resolving eureka endpoints via configuration
2020-12-08 11:28:27.247 INFO  c.n.d.shared.resolver.aws.ConfigClusterResolver   :43   [32m        [0;39m Resolving eureka endpoints via configuration
2020-12-08 11:33:27.249 INFO  c.n.d.shared.resolver.aws.ConfigClusterResolver   :43   [32m        [0;39m Resolving eureka endpoints via configuration
2020-12-08 11:38:27.251 INFO  c.n.d.shared.resolver.aws.ConfigClusterResolver   :43   [32m        [0;39m Resolving eureka endpoints via configuration
2020-12-08 11:43:27.253 INFO  c.n.d.shared.resolver.aws.ConfigClusterResolver   :43   [32m        [0;39m Resolving eureka endpoints via configuration
2020-12-08 11:48:27.255 INFO  c.n.d.shared.resolver.aws.ConfigClusterResolver   :43   [32m        [0;39m Resolving eureka endpoints via configuration
2020-12-08 11:53:27.257 INFO  c.n.d.shared.resolver.aws.ConfigClusterResolver   :43   [32m        [0;39m Resolving eureka endpoints via configuration
2020-12-08 11:57:30.758 WARN  reactor.netty.channel.FluxReceive                 :294  [32m        [0;39m [id: 0x88b60e42, L:/127.0.0.1:9000 - R:/127.0.0.1:3023] An exception has been observed post termination, use DEBUG level to see the full stack: java.io.IOException: 你的主机中的软件中止了一个已建立的连接。
2020-12-08 11:57:30.823 WARN  reactor.netty.channel.FluxReceive                 :294  [32m        [0;39m [id: 0xab05c73d, L:/127.0.0.1:9000 - R:/127.0.0.1:3057] An exception has been observed post termination, use DEBUG level to see the full stack: java.io.IOException: 你的主机中的软件中止了一个已建立的连接。
2020-12-08 11:58:27.259 INFO  c.n.d.shared.resolver.aws.ConfigClusterResolver   :43   [32m        [0;39m Resolving eureka endpoints via configuration
2020-12-08 12:03:27.261 INFO  c.n.d.shared.resolver.aws.ConfigClusterResolver   :43   [32m        [0;39m Resolving eureka endpoints via configuration
2020-12-08 12:08:27.262 INFO  c.n.d.shared.resolver.aws.ConfigClusterResolver   :43   [32m        [0;39m Resolving eureka endpoints via configuration
2020-12-08 12:13:27.263 INFO  c.n.d.shared.resolver.aws.ConfigClusterResolver   :43   [32m        [0;39m Resolving eureka endpoints via configuration
2020-12-08 12:18:27.265 INFO  c.n.d.shared.resolver.aws.ConfigClusterResolver   :43   [32m        [0;39m Resolving eureka endpoints via configuration
2020-12-08 12:23:27.266 INFO  c.n.d.shared.resolver.aws.ConfigClusterResolver   :43   [32m        [0;39m Resolving eureka endpoints via configuration
2020-12-08 12:28:27.268 INFO  c.n.d.shared.resolver.aws.ConfigClusterResolver   :43   [32m        [0;39m Resolving eureka endpoints via configuration
2020-12-08 12:33:27.269 INFO  c.n.d.shared.resolver.aws.ConfigClusterResolver   :43   [32m        [0;39m Resolving eureka endpoints via configuration
2020-12-08 12:38:27.272 INFO  c.n.d.shared.resolver.aws.ConfigClusterResolver   :43   [32m        [0;39m Resolving eureka endpoints via configuration
2020-12-08 12:43:27.273 INFO  c.n.d.shared.resolver.aws.ConfigClusterResolver   :43   [32m        [0;39m Resolving eureka endpoints via configuration
2020-12-08 12:48:27.274 INFO  c.n.d.shared.resolver.aws.ConfigClusterResolver   :43   [32m        [0;39m Resolving eureka endpoints via configuration
2020-12-08 12:53:27.276 INFO  c.n.d.shared.resolver.aws.ConfigClusterResolver   :43   [32m        [0;39m Resolving eureka endpoints via configuration
2020-12-08 12:58:27.278 INFO  c.n.d.shared.resolver.aws.ConfigClusterResolver   :43   [32m        [0;39m Resolving eureka endpoints via configuration
2020-12-08 13:03:27.282 INFO  c.n.d.shared.resolver.aws.ConfigClusterResolver   :43   [32m        [0;39m Resolving eureka endpoints via configuration
2020-12-08 13:08:27.283 INFO  c.n.d.shared.resolver.aws.ConfigClusterResolver   :43   [32m        [0;39m Resolving eureka endpoints via configuration
2020-12-08 13:13:27.285 INFO  c.n.d.shared.resolver.aws.ConfigClusterResolver   :43   [32m        [0;39m Resolving eureka endpoints via configuration
2020-12-08 13:18:27.286 INFO  c.n.d.shared.resolver.aws.ConfigClusterResolver   :43   [32m        [0;39m Resolving eureka endpoints via configuration
2020-12-08 13:23:27.287 INFO  c.n.d.shared.resolver.aws.ConfigClusterResolver   :43   [32m        [0;39m Resolving eureka endpoints via configuration
2020-12-08 13:28:27.290 INFO  c.n.d.shared.resolver.aws.ConfigClusterResolver   :43   [32m        [0;39m Resolving eureka endpoints via configuration
2020-12-08 13:33:27.291 INFO  c.n.d.shared.resolver.aws.ConfigClusterResolver   :43   [32m        [0;39m Resolving eureka endpoints via configuration
2020-12-08 13:38:27.293 INFO  c.n.d.shared.resolver.aws.ConfigClusterResolver   :43   [32m        [0;39m Resolving eureka endpoints via configuration
2020-12-08 13:43:27.294 INFO  c.n.d.shared.resolver.aws.ConfigClusterResolver   :43   [32m        [0;39m Resolving eureka endpoints via configuration
2020-12-08 13:48:27.296 INFO  c.n.d.shared.resolver.aws.ConfigClusterResolver   :43   [32m        [0;39m Resolving eureka endpoints via configuration
2020-12-08 13:53:27.299 INFO  c.n.d.shared.resolver.aws.ConfigClusterResolver   :43   [32m        [0;39m Resolving eureka endpoints via configuration
2020-12-08 13:58:09.002 WARN  reactor.netty.channel.FluxReceive                 :294  [32m        [0;39m [id: 0x2b0efacc, L:/127.0.0.1:9000 - R:/127.0.0.1:8818] An exception has been observed post termination, use DEBUG level to see the full stack: java.io.IOException: 你的主机中的软件中止了一个已建立的连接。
2020-12-08 13:58:27.301 INFO  c.n.d.shared.resolver.aws.ConfigClusterResolver   :43   [32m        [0;39m Resolving eureka endpoints via configuration
2020-12-08 14:01:34.517 ERROR o.s.b.a.w.r.error.AbstractErrorWebExceptionHandler:122  [32m        [0;39m [b46bb0d7-356]  500 Server Error for HTTP GET "/file/f/teacher/5cPPDqyx.jpg"
io.netty.channel.AbstractChannel$AnnotatedConnectException: Connection refused: no further information: localhost/127.0.0.1:9003
	Suppressed: reactor.core.publisher.FluxOnAssembly$OnAssemblyException: 
Error has been observed at the following site(s):
	|_ checkpoint ⇢ org.springframework.web.cors.reactive.CorsWebFilter [DefaultWebFilterChain]
	|_ checkpoint ⇢ org.springframework.cloud.gateway.filter.WeightCalculatorWebFilter [DefaultWebFilterChain]
	|_ checkpoint ⇢ HTTP GET "/file/f/teacher/5cPPDqyx.jpg" [ExceptionHandlingWebHandler]
Stack trace:
Caused by: java.net.ConnectException: Connection refused: no further information
	at sun.nio.ch.SocketChannelImpl.checkConnect(Native Method)
	at sun.nio.ch.SocketChannelImpl.finishConnect(SocketChannelImpl.java:717)
	at io.netty.channel.socket.nio.NioSocketChannel.doFinishConnect(NioSocketChannel.java:330)
	at io.netty.channel.nio.AbstractNioChannel$AbstractNioUnsafe.finishConnect(AbstractNioChannel.java:334)
	at io.netty.channel.nio.NioEventLoop.processSelectedKey(NioEventLoop.java:702)
	at io.netty.channel.nio.NioEventLoop.processSelectedKeysOptimized(NioEventLoop.java:650)
	at io.netty.channel.nio.NioEventLoop.processSelectedKeys(NioEventLoop.java:576)
	at io.netty.channel.nio.NioEventLoop.run(NioEventLoop.java:493)
	at io.netty.util.concurrent.SingleThreadEventExecutor$4.run(SingleThreadEventExecutor.java:989)
	at io.netty.util.internal.ThreadExecutorMap$2.run(ThreadExecutorMap.java:74)
	at io.netty.util.concurrent.FastThreadLocalRunnable.run(FastThreadLocalRunnable.java:30)
	at java.lang.Thread.run(Thread.java:748)
2020-12-08 14:01:34.517 ERROR o.s.b.a.w.r.error.AbstractErrorWebExceptionHandler:122  [32m        [0;39m [c156807c-355]  500 Server Error for HTTP GET "/file/f/teacher/BxNJeITS.jpg"
io.netty.channel.AbstractChannel$AnnotatedConnectException: Connection refused: no further information: localhost/127.0.0.1:9003
	Suppressed: reactor.core.publisher.FluxOnAssembly$OnAssemblyException: 
Error has been observed at the following site(s):
	|_ checkpoint ⇢ org.springframework.web.cors.reactive.CorsWebFilter [DefaultWebFilterChain]
	|_ checkpoint ⇢ org.springframework.cloud.gateway.filter.WeightCalculatorWebFilter [DefaultWebFilterChain]
	|_ checkpoint ⇢ HTTP GET "/file/f/teacher/BxNJeITS.jpg" [ExceptionHandlingWebHandler]
Stack trace:
Caused by: java.net.ConnectException: Connection refused: no further information
	at sun.nio.ch.SocketChannelImpl.checkConnect(Native Method)
	at sun.nio.ch.SocketChannelImpl.finishConnect(SocketChannelImpl.java:717)
	at io.netty.channel.socket.nio.NioSocketChannel.doFinishConnect(NioSocketChannel.java:330)
	at io.netty.channel.nio.AbstractNioChannel$AbstractNioUnsafe.finishConnect(AbstractNioChannel.java:334)
	at io.netty.channel.nio.NioEventLoop.processSelectedKey(NioEventLoop.java:702)
	at io.netty.channel.nio.NioEventLoop.processSelectedKeysOptimized(NioEventLoop.java:650)
	at io.netty.channel.nio.NioEventLoop.processSelectedKeys(NioEventLoop.java:576)
	at io.netty.channel.nio.NioEventLoop.run(NioEventLoop.java:493)
	at io.netty.util.concurrent.SingleThreadEventExecutor$4.run(SingleThreadEventExecutor.java:989)
	at io.netty.util.internal.ThreadExecutorMap$2.run(ThreadExecutorMap.java:74)
	at io.netty.util.concurrent.FastThreadLocalRunnable.run(FastThreadLocalRunnable.java:30)
	at java.lang.Thread.run(Thread.java:748)
2020-12-08 14:01:34.517 ERROR o.s.b.a.w.r.error.AbstractErrorWebExceptionHandler:122  [32m        [0;39m [9fb8811b-358]  500 Server Error for HTTP GET "/file/f/course/9wdD9Yk7.jpg"
io.netty.channel.AbstractChannel$AnnotatedConnectException: Connection refused: no further information: localhost/127.0.0.1:9003
	Suppressed: reactor.core.publisher.FluxOnAssembly$OnAssemblyException: 
Error has been observed at the following site(s):
	|_ checkpoint ⇢ org.springframework.web.cors.reactive.CorsWebFilter [DefaultWebFilterChain]
	|_ checkpoint ⇢ org.springframework.cloud.gateway.filter.WeightCalculatorWebFilter [DefaultWebFilterChain]
	|_ checkpoint ⇢ HTTP GET "/file/f/course/9wdD9Yk7.jpg" [ExceptionHandlingWebHandler]
Stack trace:
Caused by: java.net.ConnectException: Connection refused: no further information
	at sun.nio.ch.SocketChannelImpl.checkConnect(Native Method)
	at sun.nio.ch.SocketChannelImpl.finishConnect(SocketChannelImpl.java:717)
	at io.netty.channel.socket.nio.NioSocketChannel.doFinishConnect(NioSocketChannel.java:330)
	at io.netty.channel.nio.AbstractNioChannel$AbstractNioUnsafe.finishConnect(AbstractNioChannel.java:334)
	at io.netty.channel.nio.NioEventLoop.processSelectedKey(NioEventLoop.java:702)
	at io.netty.channel.nio.NioEventLoop.processSelectedKeysOptimized(NioEventLoop.java:650)
	at io.netty.channel.nio.NioEventLoop.processSelectedKeys(NioEventLoop.java:576)
	at io.netty.channel.nio.NioEventLoop.run(NioEventLoop.java:493)
	at io.netty.util.concurrent.SingleThreadEventExecutor$4.run(SingleThreadEventExecutor.java:989)
	at io.netty.util.internal.ThreadExecutorMap$2.run(ThreadExecutorMap.java:74)
	at io.netty.util.concurrent.FastThreadLocalRunnable.run(FastThreadLocalRunnable.java:30)
	at java.lang.Thread.run(Thread.java:748)
2020-12-08 14:01:34.572 ERROR o.s.b.a.w.r.error.AbstractErrorWebExceptionHandler:122  [32m        [0;39m [323bc78c-357]  500 Server Error for HTTP GET "/file/f/course/NEy6Iytt.jpg"
io.netty.channel.AbstractChannel$AnnotatedConnectException: Connection refused: no further information: localhost/127.0.0.1:9003
	Suppressed: reactor.core.publisher.FluxOnAssembly$OnAssemblyException: 
Error has been observed at the following site(s):
	|_ checkpoint ⇢ org.springframework.web.cors.reactive.CorsWebFilter [DefaultWebFilterChain]
	|_ checkpoint ⇢ org.springframework.cloud.gateway.filter.WeightCalculatorWebFilter [DefaultWebFilterChain]
	|_ checkpoint ⇢ HTTP GET "/file/f/course/NEy6Iytt.jpg" [ExceptionHandlingWebHandler]
Stack trace:
Caused by: java.net.ConnectException: Connection refused: no further information
	at sun.nio.ch.SocketChannelImpl.checkConnect(Native Method)
	at sun.nio.ch.SocketChannelImpl.finishConnect(SocketChannelImpl.java:717)
	at io.netty.channel.socket.nio.NioSocketChannel.doFinishConnect(NioSocketChannel.java:330)
	at io.netty.channel.nio.AbstractNioChannel$AbstractNioUnsafe.finishConnect(AbstractNioChannel.java:334)
	at io.netty.channel.nio.NioEventLoop.processSelectedKey(NioEventLoop.java:702)
	at io.netty.channel.nio.NioEventLoop.processSelectedKeysOptimized(NioEventLoop.java:650)
	at io.netty.channel.nio.NioEventLoop.processSelectedKeys(NioEventLoop.java:576)
	at io.netty.channel.nio.NioEventLoop.run(NioEventLoop.java:493)
	at io.netty.util.concurrent.SingleThreadEventExecutor$4.run(SingleThreadEventExecutor.java:989)
	at io.netty.util.internal.ThreadExecutorMap$2.run(ThreadExecutorMap.java:74)
	at io.netty.util.concurrent.FastThreadLocalRunnable.run(FastThreadLocalRunnable.java:30)
	at java.lang.Thread.run(Thread.java:748)
2020-12-08 14:03:27.303 INFO  c.n.d.shared.resolver.aws.ConfigClusterResolver   :43   [32m        [0;39m Resolving eureka endpoints via configuration
2020-12-08 14:04:41.736 WARN  reactor.netty.channel.FluxReceive                 :294  [32m        [0;39m [id: 0xb46bb0d7, L:/127.0.0.1:9000 - R:/127.0.0.1:9144] An exception has been observed post termination, use DEBUG level to see the full stack: java.io.IOException: 你的主机中的软件中止了一个已建立的连接。
2020-12-08 14:04:41.790 WARN  reactor.netty.channel.FluxReceive                 :294  [32m        [0;39m [id: 0x9fb8811b, L:/127.0.0.1:9000 - R:/127.0.0.1:9147] An exception has been observed post termination, use DEBUG level to see the full stack: java.io.IOException: 你的主机中的软件中止了一个已建立的连接。
2020-12-08 14:08:27.275 WARN  reactor.netty.channel.FluxReceive                 :294  [32m        [0;39m [id: 0xbd23db05, L:/127.0.0.1:9000 - R:/127.0.0.1:9638] An exception has been observed post termination, use DEBUG level to see the full stack: java.io.IOException: 你的主机中的软件中止了一个已建立的连接。
2020-12-08 14:08:27.304 INFO  c.n.d.shared.resolver.aws.ConfigClusterResolver   :43   [32m        [0;39m Resolving eureka endpoints via configuration
2020-12-08 14:10:45.424 WARN  reactor.netty.channel.FluxReceive                 :294  [32m        [0;39m [id: 0x19303472, L:/127.0.0.1:9000 - R:/127.0.0.1:9757] An exception has been observed post termination, use DEBUG level to see the full stack: java.io.IOException: 你的主机中的软件中止了一个已建立的连接。
2020-12-08 14:10:45.493 WARN  reactor.netty.channel.FluxReceive                 :294  [32m        [0;39m [id: 0x439ec5af, L:/127.0.0.1:9000 - R:/127.0.0.1:9771] An exception has been observed post termination, use DEBUG level to see the full stack: java.io.IOException: 你的主机中的软件中止了一个已建立的连接。
2020-12-08 14:11:11.267 WARN  reactor.netty.channel.FluxReceive                 :294  [32m        [0;39m [id: 0x004a92bf, L:/127.0.0.1:9000 - R:/127.0.0.1:9813] An exception has been observed post termination, use DEBUG level to see the full stack: java.io.IOException: 你的主机中的软件中止了一个已建立的连接。
2020-12-08 14:12:07.398 WARN  reactor.netty.channel.FluxReceive                 :294  [32m        [0;39m [id: 0xad1c6d36, L:/127.0.0.1:9000 - R:/127.0.0.1:9907] An exception has been observed post termination, use DEBUG level to see the full stack: java.io.IOException: 你的主机中的软件中止了一个已建立的连接。
2020-12-08 14:12:15.140 WARN  reactor.netty.channel.FluxReceive                 :294  [32m        [0;39m [id: 0x867acac4, L:/127.0.0.1:9000 - R:/127.0.0.1:9917] An exception has been observed post termination, use DEBUG level to see the full stack: java.io.IOException: 你的主机中的软件中止了一个已建立的连接。
2020-12-08 14:13:00.575 WARN  reactor.netty.channel.FluxReceive                 :294  [32m        [0;39m [id: 0x3fb2392a, L:/127.0.0.1:9000 - R:/127.0.0.1:9988] An exception has been observed post termination, use DEBUG level to see the full stack: java.io.IOException: 你的主机中的软件中止了一个已建立的连接。
2020-12-08 14:13:04.209 WARN  reactor.netty.channel.FluxReceive                 :294  [32m        [0;39m [id: 0x1205305f, L:/127.0.0.1:9000 - R:/127.0.0.1:9999] An exception has been observed post termination, use DEBUG level to see the full stack: java.io.IOException: 你的主机中的软件中止了一个已建立的连接。
2020-12-08 14:13:04.314 WARN  reactor.netty.channel.FluxReceive                 :294  [32m        [0;39m [id: 0xfc7e6489, L:/127.0.0.1:9000 - R:/127.0.0.1:10001] An exception has been observed post termination, use DEBUG level to see the full stack: java.io.IOException: 你的主机中的软件中止了一个已建立的连接。
2020-12-08 14:13:27.306 INFO  c.n.d.shared.resolver.aws.ConfigClusterResolver   :43   [32m        [0;39m Resolving eureka endpoints via configuration
2020-12-08 14:14:10.180 WARN  reactor.netty.channel.FluxReceive                 :294  [32m        [0;39m [id: 0xcfc247d6, L:/127.0.0.1:9000 - R:/127.0.0.1:10087] An exception has been observed post termination, use DEBUG level to see the full stack: java.io.IOException: 你的主机中的软件中止了一个已建立的连接。
2020-12-08 14:14:13.741 WARN  reactor.netty.channel.FluxReceive                 :294  [32m        [0;39m [id: 0x33ca16c4, L:/127.0.0.1:9000 - R:/127.0.0.1:10092] An exception has been observed post termination, use DEBUG level to see the full stack: java.io.IOException: 你的主机中的软件中止了一个已建立的连接。
2020-12-08 14:18:27.307 INFO  c.n.d.shared.resolver.aws.ConfigClusterResolver   :43   [32m        [0;39m Resolving eureka endpoints via configuration
2020-12-08 14:23:27.308 INFO  c.n.d.shared.resolver.aws.ConfigClusterResolver   :43   [32m        [0;39m Resolving eureka endpoints via configuration
2020-12-08 14:28:27.310 INFO  c.n.d.shared.resolver.aws.ConfigClusterResolver   :43   [32m        [0;39m Resolving eureka endpoints via configuration
2020-12-08 14:33:27.310 INFO  c.n.d.shared.resolver.aws.ConfigClusterResolver   :43   [32m        [0;39m Resolving eureka endpoints via configuration
2020-12-08 14:38:27.312 INFO  c.n.d.shared.resolver.aws.ConfigClusterResolver   :43   [32m        [0;39m Resolving eureka endpoints via configuration
2020-12-08 14:43:27.314 INFO  c.n.d.shared.resolver.aws.ConfigClusterResolver   :43   [32m        [0;39m Resolving eureka endpoints via configuration
2020-12-08 14:44:24.507 WARN  reactor.netty.channel.FluxReceive                 :294  [32m        [0;39m [id: 0x322e9b28, L:/127.0.0.1:9000 - R:/127.0.0.1:12182] An exception has been observed post termination, use DEBUG level to see the full stack: java.io.IOException: 你的主机中的软件中止了一个已建立的连接。
2020-12-08 14:44:24.618 WARN  reactor.netty.channel.FluxReceive                 :294  [32m        [0;39m [id: 0xf0680427, L:/127.0.0.1:9000 - R:/127.0.0.1:12184] An exception has been observed post termination, use DEBUG level to see the full stack: java.io.IOException: 你的主机中的软件中止了一个已建立的连接。
2020-12-08 14:44:43.960 WARN  reactor.netty.channel.FluxReceive                 :294  [32m        [0;39m [id: 0x64600579, L:/127.0.0.1:9000 - R:/127.0.0.1:12188] An exception has been observed post termination, use DEBUG level to see the full stack: java.io.IOException: 你的主机中的软件中止了一个已建立的连接。
2020-12-08 14:46:18.391 WARN  reactor.netty.channel.FluxReceive                 :294  [32m        [0;39m [id: 0x95dff42c, L:/127.0.0.1:9000 - R:/127.0.0.1:12321] An exception has been observed post termination, use DEBUG level to see the full stack: java.io.IOException: 你的主机中的软件中止了一个已建立的连接。
2020-12-08 14:48:27.315 INFO  c.n.d.shared.resolver.aws.ConfigClusterResolver   :43   [32m        [0;39m Resolving eureka endpoints via configuration
2020-12-08 14:50:31.813 WARN  reactor.netty.channel.FluxReceive                 :294  [32m        [0;39m [id: 0x7164a7b3, L:/127.0.0.1:9000 - R:/127.0.0.1:12623] An exception has been observed post termination, use DEBUG level to see the full stack: java.io.IOException: 你的主机中的软件中止了一个已建立的连接。
2020-12-08 14:51:20.092 WARN  reactor.netty.channel.FluxReceive                 :294  [32m        [0;39m [id: 0xed2d5597, L:/127.0.0.1:9000 - R:/127.0.0.1:12694] An exception has been observed post termination, use DEBUG level to see the full stack: java.io.IOException: 你的主机中的软件中止了一个已建立的连接。
2020-12-08 14:51:21.839 WARN  reactor.netty.channel.FluxReceive                 :294  [32m        [0;39m [id: 0x2cb14abc, L:/127.0.0.1:9000 - R:/127.0.0.1:12700] An exception has been observed post termination, use DEBUG level to see the full stack: java.io.IOException: 你的主机中的软件中止了一个已建立的连接。
2020-12-08 14:51:38.820 WARN  reactor.netty.channel.FluxReceive                 :294  [32m        [0;39m [id: 0x4e8ccaf7, L:/127.0.0.1:9000 - R:/127.0.0.1:12722] An exception has been observed post termination, use DEBUG level to see the full stack: java.io.IOException: 你的主机中的软件中止了一个已建立的连接。
2020-12-08 14:52:07.006 WARN  reactor.netty.channel.FluxReceive                 :294  [32m        [0;39m [id: 0x9739fb23, L:/127.0.0.1:9000 - R:/127.0.0.1:12757] An exception has been observed post termination, use DEBUG level to see the full stack: java.io.IOException: 你的主机中的软件中止了一个已建立的连接。
2020-12-08 14:53:16.186 WARN  reactor.netty.channel.FluxReceive                 :294  [32m        [0;39m [id: 0x4c32aef0, L:/127.0.0.1:9000 - R:/127.0.0.1:12878] An exception has been observed post termination, use DEBUG level to see the full stack: java.io.IOException: 你的主机中的软件中止了一个已建立的连接。
2020-12-08 14:53:27.316 INFO  c.n.d.shared.resolver.aws.ConfigClusterResolver   :43   [32m        [0;39m Resolving eureka endpoints via configuration
2020-12-08 14:54:18.945 WARN  reactor.netty.channel.FluxReceive                 :294  [32m        [0;39m [id: 0x46d66a02, L:/127.0.0.1:9000 - R:/127.0.0.1:13055] An exception has been observed post termination, use DEBUG level to see the full stack: java.io.IOException: 你的主机中的软件中止了一个已建立的连接。
2020-12-08 14:58:27.319 INFO  c.n.d.shared.resolver.aws.ConfigClusterResolver   :43   [32m        [0;39m Resolving eureka endpoints via configuration
2020-12-08 15:03:27.321 INFO  c.n.d.shared.resolver.aws.ConfigClusterResolver   :43   [32m        [0;39m Resolving eureka endpoints via configuration
2020-12-08 15:03:48.494 WARN  reactor.netty.channel.FluxReceive                 :294  [32m        [0;39m [id: 0xa478600a, L:/127.0.0.1:9000 - R:/127.0.0.1:13665] An exception has been observed post termination, use DEBUG level to see the full stack: java.io.IOException: 你的主机中的软件中止了一个已建立的连接。
2020-12-08 15:08:27.323 INFO  c.n.d.shared.resolver.aws.ConfigClusterResolver   :43   [32m        [0;39m Resolving eureka endpoints via configuration
2020-12-08 15:13:27.326 INFO  c.n.d.shared.resolver.aws.ConfigClusterResolver   :43   [32m        [0;39m Resolving eureka endpoints via configuration
2020-12-08 15:18:27.327 INFO  c.n.d.shared.resolver.aws.ConfigClusterResolver   :43   [32m        [0;39m Resolving eureka endpoints via configuration
2020-12-08 15:23:27.329 INFO  c.n.d.shared.resolver.aws.ConfigClusterResolver   :43   [32m        [0;39m Resolving eureka endpoints via configuration
2020-12-08 15:28:27.331 INFO  c.n.d.shared.resolver.aws.ConfigClusterResolver   :43   [32m        [0;39m Resolving eureka endpoints via configuration
2020-12-08 15:33:27.332 INFO  c.n.d.shared.resolver.aws.ConfigClusterResolver   :43   [32m        [0;39m Resolving eureka endpoints via configuration
2020-12-08 15:38:27.334 INFO  c.n.d.shared.resolver.aws.ConfigClusterResolver   :43   [32m        [0;39m Resolving eureka endpoints via configuration
2020-12-08 15:43:27.336 INFO  c.n.d.shared.resolver.aws.ConfigClusterResolver   :43   [32m        [0;39m Resolving eureka endpoints via configuration
2020-12-08 15:48:27.338 INFO  c.n.d.shared.resolver.aws.ConfigClusterResolver   :43   [32m        [0;39m Resolving eureka endpoints via configuration
2020-12-08 15:53:27.339 INFO  c.n.d.shared.resolver.aws.ConfigClusterResolver   :43   [32m        [0;39m Resolving eureka endpoints via configuration
2020-12-08 15:58:20.094 WARN  reactor.netty.channel.FluxReceive                 :294  [32m        [0;39m [id: 0x44d98745, L:/127.0.0.1:9000 - R:/127.0.0.1:1726] An exception has been observed post termination, use DEBUG level to see the full stack: java.io.IOException: 你的主机中的软件中止了一个已建立的连接。
2020-12-08 15:58:27.341 INFO  c.n.d.shared.resolver.aws.ConfigClusterResolver   :43   [32m        [0;39m Resolving eureka endpoints via configuration
2020-12-08 15:58:30.349 WARN  reactor.netty.channel.FluxReceive                 :294  [32m        [0;39m [id: 0x325b7cc0, L:/127.0.0.1:9000 - R:/127.0.0.1:1737] An exception has been observed post termination, use DEBUG level to see the full stack: java.io.IOException: 你的主机中的软件中止了一个已建立的连接。
2020-12-08 15:58:49.963 WARN  reactor.netty.channel.FluxReceive                 :294  [32m        [0;39m [id: 0xe08a04e4, L:/127.0.0.1:9000 - R:/127.0.0.1:1754] An exception has been observed post termination, use DEBUG level to see the full stack: java.io.IOException: 你的主机中的软件中止了一个已建立的连接。
2020-12-08 15:59:09.164 WARN  reactor.netty.channel.FluxReceive                 :294  [32m        [0;39m [id: 0x3043221c, L:/127.0.0.1:9000 - R:/127.0.0.1:1774] An exception has been observed post termination, use DEBUG level to see the full stack: java.io.IOException: 远程主机强迫关闭了一个现有的连接。
2020-12-08 15:59:14.381 WARN  reactor.netty.channel.FluxReceive                 :294  [32m        [0;39m [id: 0xda8ac705, L:/127.0.0.1:9000 - R:/127.0.0.1:1794] An exception has been observed post termination, use DEBUG level to see the full stack: java.io.IOException: 你的主机中的软件中止了一个已建立的连接。
2020-12-08 15:59:17.294 WARN  reactor.netty.channel.FluxReceive                 :294  [32m        [0;39m [id: 0xf81419de, L:/127.0.0.1:9000 - R:/127.0.0.1:1798] An exception has been observed post termination, use DEBUG level to see the full stack: java.io.IOException: 你的主机中的软件中止了一个已建立的连接。
2020-12-08 15:59:17.382 WARN  reactor.netty.channel.FluxReceive                 :294  [32m        [0;39m [id: 0x017ba22e, L:/127.0.0.1:9000 - R:/127.0.0.1:1799] An exception has been observed post termination, use DEBUG level to see the full stack: java.io.IOException: 远程主机强迫关闭了一个现有的连接。
2020-12-08 15:59:21.032 WARN  reactor.netty.channel.FluxReceive                 :294  [32m        [0;39m [id: 0xd9bb9e0b, L:/127.0.0.1:9000 - R:/127.0.0.1:1805] An exception has been observed post termination, use DEBUG level to see the full stack: java.io.IOException: 你的主机中的软件中止了一个已建立的连接。
2020-12-08 16:03:27.341 INFO  c.n.d.shared.resolver.aws.ConfigClusterResolver   :43   [32m        [0;39m Resolving eureka endpoints via configuration
2020-12-08 16:04:48.959 WARN  reactor.netty.channel.FluxReceive                 :294  [32m        [0;39m [id: 0x2c74f10a, L:/127.0.0.1:9000 - R:/127.0.0.1:2044] An exception has been observed post termination, use DEBUG level to see the full stack: java.io.IOException: 你的主机中的软件中止了一个已建立的连接。
2020-12-08 16:06:37.749 WARN  reactor.netty.channel.FluxReceive                 :294  [32m        [0;39m [id: 0xb801f5ac, L:/127.0.0.1:9000 - R:/127.0.0.1:2177] An exception has been observed post termination, use DEBUG level to see the full stack: java.io.IOException: 你的主机中的软件中止了一个已建立的连接。
2020-12-08 16:07:24.298 WARN  reactor.netty.channel.FluxReceive                 :294  [32m        [0;39m [id: 0xbfbdc701, L:/127.0.0.1:9000 - R:/127.0.0.1:2239] An exception has been observed post termination, use DEBUG level to see the full stack: java.io.IOException: 你的主机中的软件中止了一个已建立的连接。
2020-12-08 16:08:27.342 INFO  c.n.d.shared.resolver.aws.ConfigClusterResolver   :43   [32m        [0;39m Resolving eureka endpoints via configuration
2020-12-08 16:08:32.234 WARN  reactor.netty.channel.FluxReceive                 :294  [32m        [0;39m [id: 0x8432cfad, L:/127.0.0.1:9000 - R:/127.0.0.1:2343] An exception has been observed post termination, use DEBUG level to see the full stack: java.io.IOException: 你的主机中的软件中止了一个已建立的连接。
2020-12-08 16:13:27.344 INFO  c.n.d.shared.resolver.aws.ConfigClusterResolver   :43   [32m        [0;39m Resolving eureka endpoints via configuration
2020-12-08 16:17:40.636 WARN  reactor.netty.channel.FluxReceive                 :294  [32m        [0;39m [id: 0x5c6f8473, L:/127.0.0.1:9000 - R:/127.0.0.1:2795] An exception has been observed post termination, use DEBUG level to see the full stack: java.io.IOException: 你的主机中的软件中止了一个已建立的连接。
2020-12-08 16:17:55.218 WARN  reactor.netty.channel.FluxReceive                 :294  [32m        [0;39m [id: 0x532bc870, L:/127.0.0.1:9000 - R:/127.0.0.1:2816] An exception has been observed post termination, use DEBUG level to see the full stack: java.io.IOException: 你的主机中的软件中止了一个已建立的连接。
2020-12-08 16:18:27.347 INFO  c.n.d.shared.resolver.aws.ConfigClusterResolver   :43   [32m        [0;39m Resolving eureka endpoints via configuration
2020-12-08 16:18:38.367 WARN  reactor.netty.channel.FluxReceive                 :294  [32m        [0;39m [id: 0x6fed1150, L:/127.0.0.1:9000 - R:/127.0.0.1:2876] An exception has been observed post termination, use DEBUG level to see the full stack: java.io.IOException: 你的主机中的软件中止了一个已建立的连接。
2020-12-08 16:22:29.587 WARN  reactor.netty.channel.FluxReceive                 :294  [32m        [0;39m [id: 0x39ec59c1, L:/127.0.0.1:9000 - R:/127.0.0.1:6558] An exception has been observed post termination, use DEBUG level to see the full stack: java.io.IOException: 你的主机中的软件中止了一个已建立的连接。
2020-12-08 16:22:39.600 WARN  reactor.netty.channel.FluxReceive                 :294  [32m        [0;39m [id: 0x961de3d5, L:/127.0.0.1:9000 - R:/127.0.0.1:6571] An exception has been observed post termination, use DEBUG level to see the full stack: java.io.IOException: 你的主机中的软件中止了一个已建立的连接。
2020-12-08 16:23:27.348 INFO  c.n.d.shared.resolver.aws.ConfigClusterResolver   :43   [32m        [0;39m Resolving eureka endpoints via configuration
2020-12-08 16:23:47.631 WARN  reactor.netty.channel.FluxReceive                 :294  [32m        [0;39m [id: 0xaca7673d, L:/127.0.0.1:9000 - R:/127.0.0.1:6736] An exception has been observed post termination, use DEBUG level to see the full stack: java.io.IOException: 你的主机中的软件中止了一个已建立的连接。
2020-12-08 16:25:32.458 WARN  reactor.netty.channel.FluxReceive                 :294  [32m        [0;39m [id: 0x44dd9d9e, L:/127.0.0.1:9000 - R:/127.0.0.1:6950] An exception has been observed post termination, use DEBUG level to see the full stack: java.io.IOException: 你的主机中的软件中止了一个已建立的连接。
2020-12-08 16:27:44.007 WARN  reactor.netty.channel.FluxReceive                 :294  [32m        [0;39m [id: 0x275b8fdc, L:/127.0.0.1:9000 - R:/127.0.0.1:7211] An exception has been observed post termination, use DEBUG level to see the full stack: java.io.IOException: 你的主机中的软件中止了一个已建立的连接。
2020-12-08 16:27:46.673 WARN  reactor.netty.channel.FluxReceive                 :294  [32m        [0;39m [id: 0xeb255094, L:/127.0.0.1:9000 - R:/127.0.0.1:7220] An exception has been observed post termination, use DEBUG level to see the full stack: java.io.IOException: 你的主机中的软件中止了一个已建立的连接。
2020-12-08 16:28:27.349 INFO  c.n.d.shared.resolver.aws.ConfigClusterResolver   :43   [32m        [0;39m Resolving eureka endpoints via configuration
2020-12-08 16:28:28.231 WARN  reactor.netty.channel.FluxReceive                 :294  [32m        [0;39m [id: 0x89830ff8, L:/127.0.0.1:9000 - R:/127.0.0.1:7343] An exception has been observed post termination, use DEBUG level to see the full stack: java.io.IOException: 你的主机中的软件中止了一个已建立的连接。
2020-12-08 16:28:28.306 WARN  reactor.netty.channel.FluxReceive                 :294  [32m        [0;39m [id: 0x85f0df58, L:/127.0.0.1:9000 - R:/127.0.0.1:7345] An exception has been observed post termination, use DEBUG level to see the full stack: java.io.IOException: 你的主机中的软件中止了一个已建立的连接。
2020-12-08 16:28:37.022 WARN  reactor.netty.channel.FluxReceive                 :294  [32m        [0;39m [id: 0x96c98fb7, L:/127.0.0.1:9000 - R:/127.0.0.1:7361] An exception has been observed post termination, use DEBUG level to see the full stack: java.io.IOException: 你的主机中的软件中止了一个已建立的连接。
2020-12-08 16:30:53.810 WARN  reactor.netty.channel.FluxReceive                 :294  [32m        [0;39m [id: 0x3d5f812e, L:/127.0.0.1:9000 - R:/127.0.0.1:7641] An exception has been observed post termination, use DEBUG level to see the full stack: java.io.IOException: 你的主机中的软件中止了一个已建立的连接。
2020-12-08 16:31:04.010 WARN  reactor.netty.channel.FluxReceive                 :294  [32m        [0;39m [id: 0xd26e7cb7, L:/127.0.0.1:9000 - R:/127.0.0.1:7654] An exception has been observed post termination, use DEBUG level to see the full stack: java.io.IOException: 你的主机中的软件中止了一个已建立的连接。
2020-12-08 16:31:17.267 WARN  reactor.netty.channel.FluxReceive                 :294  [32m        [0;39m [id: 0x801b6bce, L:/127.0.0.1:9000 - R:/127.0.0.1:7676] An exception has been observed post termination, use DEBUG level to see the full stack: java.io.IOException: 你的主机中的软件中止了一个已建立的连接。
2020-12-08 16:32:45.107 WARN  reactor.netty.channel.FluxReceive                 :294  [32m        [0;39m [id: 0x6cbdf150, L:/127.0.0.1:9000 - R:/127.0.0.1:7766] An exception has been observed post termination, use DEBUG level to see the full stack: java.io.IOException: 你的主机中的软件中止了一个已建立的连接。
2020-12-08 16:33:18.620 WARN  reactor.netty.channel.FluxReceive                 :294  [32m        [0;39m [id: 0xebdacc58, L:/127.0.0.1:9000 - R:/127.0.0.1:7817] An exception has been observed post termination, use DEBUG level to see the full stack: java.io.IOException: 远程主机强迫关闭了一个现有的连接。
2020-12-08 16:33:27.352 INFO  c.n.d.shared.resolver.aws.ConfigClusterResolver   :43   [32m        [0;39m Resolving eureka endpoints via configuration
2020-12-08 16:33:51.088 WARN  reactor.netty.channel.FluxReceive                 :294  [32m        [0;39m [id: 0xcccb36e1, L:/127.0.0.1:9000 - R:/127.0.0.1:7869] An exception has been observed post termination, use DEBUG level to see the full stack: java.io.IOException: 你的主机中的软件中止了一个已建立的连接。
2020-12-08 16:38:27.353 INFO  c.n.d.shared.resolver.aws.ConfigClusterResolver   :43   [32m        [0;39m Resolving eureka endpoints via configuration
2020-12-08 16:38:36.866 WARN  reactor.netty.channel.FluxReceive                 :294  [32m        [0;39m [id: 0x5c239789, L:/127.0.0.1:9000 - R:/127.0.0.1:8301] An exception has been observed post termination, use DEBUG level to see the full stack: java.io.IOException: 你的主机中的软件中止了一个已建立的连接。
2020-12-08 16:40:03.916 WARN  reactor.netty.channel.FluxReceive                 :294  [32m        [0;39m [id: 0xf9148bc4, L:/127.0.0.1:9000 - R:/127.0.0.1:8462] An exception has been observed post termination, use DEBUG level to see the full stack: java.io.IOException: 你的主机中的软件中止了一个已建立的连接。
2020-12-08 16:43:27.354 INFO  c.n.d.shared.resolver.aws.ConfigClusterResolver   :43   [32m        [0;39m Resolving eureka endpoints via configuration
2020-12-08 16:48:27.355 INFO  c.n.d.shared.resolver.aws.ConfigClusterResolver   :43   [32m        [0;39m Resolving eureka endpoints via configuration
2020-12-08 16:52:49.271 WARN  reactor.netty.channel.FluxReceive                 :294  [32m        [0;39m [id: 0x7acff3e5, L:/127.0.0.1:9000 - R:/127.0.0.1:9442] An exception has been observed post termination, use DEBUG level to see the full stack: java.io.IOException: 你的主机中的软件中止了一个已建立的连接。
2020-12-08 16:53:20.046 WARN  reactor.netty.channel.FluxReceive                 :294  [32m        [0;39m [id: 0x885e9014, L:/127.0.0.1:9000 - R:/127.0.0.1:9477] An exception has been observed post termination, use DEBUG level to see the full stack: java.io.IOException: 你的主机中的软件中止了一个已建立的连接。
2020-12-08 16:53:27.357 INFO  c.n.d.shared.resolver.aws.ConfigClusterResolver   :43   [32m        [0;39m Resolving eureka endpoints via configuration
2020-12-08 16:56:09.859 WARN  reactor.netty.channel.FluxReceive                 :294  [32m        [0;39m [id: 0x0ca96b64, L:/127.0.0.1:9000 - R:/127.0.0.1:9657] An exception has been observed post termination, use DEBUG level to see the full stack: java.io.IOException: 你的主机中的软件中止了一个已建立的连接。
2020-12-08 16:57:19.132 WARN  reactor.netty.channel.FluxReceive                 :294  [32m        [0;39m [id: 0x207e6fad, L:/127.0.0.1:9000 - R:/127.0.0.1:9672] An exception has been observed post termination, use DEBUG level to see the full stack: java.io.IOException: 你的主机中的软件中止了一个已建立的连接。
2020-12-08 16:57:48.802 WARN  reactor.netty.channel.FluxReceive                 :294  [32m        [0;39m [id: 0xf06809a6, L:/127.0.0.1:9000 - R:/127.0.0.1:9867] An exception has been observed post termination, use DEBUG level to see the full stack: java.io.IOException: 你的主机中的软件中止了一个已建立的连接。
2020-12-08 16:58:27.358 INFO  c.n.d.shared.resolver.aws.ConfigClusterResolver   :43   [32m        [0;39m Resolving eureka endpoints via configuration
2020-12-08 17:02:15.583 WARN  reactor.netty.channel.FluxReceive                 :294  [32m        [0;39m [id: 0x430cffea, L:/127.0.0.1:9000 - R:/127.0.0.1:10122] An exception has been observed post termination, use DEBUG level to see the full stack: java.io.IOException: 你的主机中的软件中止了一个已建立的连接。
2020-12-08 17:03:08.632 WARN  reactor.netty.channel.FluxReceive                 :294  [32m        [0;39m [id: 0x9413e665, L:/127.0.0.1:9000 - R:/127.0.0.1:10158] An exception has been observed post termination, use DEBUG level to see the full stack: java.io.IOException: 远程主机强迫关闭了一个现有的连接。
2020-12-08 17:03:27.359 INFO  c.n.d.shared.resolver.aws.ConfigClusterResolver   :43   [32m        [0;39m Resolving eureka endpoints via configuration
2020-12-08 17:08:27.360 INFO  c.n.d.shared.resolver.aws.ConfigClusterResolver   :43   [32m        [0;39m Resolving eureka endpoints via configuration
2020-12-08 17:13:27.362 INFO  c.n.d.shared.resolver.aws.ConfigClusterResolver   :43   [32m        [0;39m Resolving eureka endpoints via configuration
2020-12-08 17:18:27.364 INFO  c.n.d.shared.resolver.aws.ConfigClusterResolver   :43   [32m        [0;39m Resolving eureka endpoints via configuration
2020-12-08 17:23:27.365 INFO  c.n.d.shared.resolver.aws.ConfigClusterResolver   :43   [32m        [0;39m Resolving eureka endpoints via configuration
2020-12-08 17:28:27.366 INFO  c.n.d.shared.resolver.aws.ConfigClusterResolver   :43   [32m        [0;39m Resolving eureka endpoints via configuration
2020-12-08 17:33:27.368 INFO  c.n.d.shared.resolver.aws.ConfigClusterResolver   :43   [32m        [0;39m Resolving eureka endpoints via configuration
2020-12-08 17:38:27.369 INFO  c.n.d.shared.resolver.aws.ConfigClusterResolver   :43   [32m        [0;39m Resolving eureka endpoints via configuration
2020-12-08 17:43:27.371 INFO  c.n.d.shared.resolver.aws.ConfigClusterResolver   :43   [32m        [0;39m Resolving eureka endpoints via configuration
2020-12-08 17:47:52.595 WARN  reactor.netty.channel.FluxReceive                 :294  [32m        [0;39m [id: 0x3eeee6e4, L:/127.0.0.1:9000 - R:/127.0.0.1:11880] An exception has been observed post termination, use DEBUG level to see the full stack: java.io.IOException: 你的主机中的软件中止了一个已建立的连接。
2020-12-08 17:48:27.372 INFO  c.n.d.shared.resolver.aws.ConfigClusterResolver   :43   [32m        [0;39m Resolving eureka endpoints via configuration
2020-12-08 17:53:27.374 INFO  c.n.d.shared.resolver.aws.ConfigClusterResolver   :43   [32m        [0;39m Resolving eureka endpoints via configuration
2020-12-08 17:55:19.278 WARN  reactor.netty.channel.FluxReceive                 :294  [32m        [0;39m [id: 0xb145253f, L:/127.0.0.1:9000 - R:/127.0.0.1:12420] An exception has been observed post termination, use DEBUG level to see the full stack: java.io.IOException: 你的主机中的软件中止了一个已建立的连接。
2020-12-08 17:56:28.538 WARN  reactor.netty.channel.FluxReceive                 :294  [32m        [0;39m [id: 0x152b35d9, L:/127.0.0.1:9000 - R:/127.0.0.1:12502] An exception has been observed post termination, use DEBUG level to see the full stack: java.io.IOException: 你的主机中的软件中止了一个已建立的连接。
2020-12-08 17:57:37.893 WARN  reactor.netty.channel.FluxReceive                 :294  [32m        [0;39m [id: 0xe001c388, L:/127.0.0.1:9000 - R:/127.0.0.1:12558] An exception has been observed post termination, use DEBUG level to see the full stack: java.io.IOException: 你的主机中的软件中止了一个已建立的连接。
2020-12-08 17:58:27.376 INFO  c.n.d.shared.resolver.aws.ConfigClusterResolver   :43   [32m        [0;39m Resolving eureka endpoints via configuration
2020-12-08 18:02:28.945 WARN  reactor.netty.channel.FluxReceive                 :294  [32m        [0;39m [id: 0xcceb1687, L:/127.0.0.1:9000 - R:/127.0.0.1:12811] An exception has been observed post termination, use DEBUG level to see the full stack: java.io.IOException: 你的主机中的软件中止了一个已建立的连接。
2020-12-08 18:02:40.714 WARN  reactor.netty.channel.FluxReceive                 :294  [32m        [0;39m [id: 0x107d5319, L:/127.0.0.1:9000 - R:/127.0.0.1:12824] An exception has been observed post termination, use DEBUG level to see the full stack: java.io.IOException: 你的主机中的软件中止了一个已建立的连接。
2020-12-08 18:03:19.327 WARN  reactor.netty.channel.FluxReceive                 :294  [32m        [0;39m [id: 0xe1c494f6, L:/127.0.0.1:9000 - R:/127.0.0.1:12859] An exception has been observed post termination, use DEBUG level to see the full stack: java.io.IOException: 你的主机中的软件中止了一个已建立的连接。
2020-12-08 18:03:27.378 INFO  c.n.d.shared.resolver.aws.ConfigClusterResolver   :43   [32m        [0;39m Resolving eureka endpoints via configuration
2020-12-08 18:08:27.381 INFO  c.n.d.shared.resolver.aws.ConfigClusterResolver   :43   [32m        [0;39m Resolving eureka endpoints via configuration
2020-12-08 18:10:35.771 WARN  reactor.netty.channel.FluxReceive                 :294  [32m        [0;39m [id: 0xa1bb3560, L:/127.0.0.1:9000 - R:/127.0.0.1:13215] An exception has been observed post termination, use DEBUG level to see the full stack: java.io.IOException: 你的主机中的软件中止了一个已建立的连接。
2020-12-08 18:13:27.382 INFO  c.n.d.shared.resolver.aws.ConfigClusterResolver   :43   [32m        [0;39m Resolving eureka endpoints via configuration
2020-12-08 18:18:27.383 INFO  c.n.d.shared.resolver.aws.ConfigClusterResolver   :43   [32m        [0;39m Resolving eureka endpoints via configuration
2020-12-08 18:23:27.384 INFO  c.n.d.shared.resolver.aws.ConfigClusterResolver   :43   [32m        [0;39m Resolving eureka endpoints via configuration
2020-12-08 18:28:27.385 INFO  c.n.d.shared.resolver.aws.ConfigClusterResolver   :43   [32m        [0;39m Resolving eureka endpoints via configuration
2020-12-08 18:33:27.387 INFO  c.n.d.shared.resolver.aws.ConfigClusterResolver   :43   [32m        [0;39m Resolving eureka endpoints via configuration
2020-12-08 18:38:27.388 INFO  c.n.d.shared.resolver.aws.ConfigClusterResolver   :43   [32m        [0;39m Resolving eureka endpoints via configuration
2020-12-08 18:43:27.391 INFO  c.n.d.shared.resolver.aws.ConfigClusterResolver   :43   [32m        [0;39m Resolving eureka endpoints via configuration
2020-12-08 18:43:37.950 WARN  reactor.netty.channel.FluxReceive                 :294  [32m        [0;39m [id: 0xeb7e88dc, L:/127.0.0.1:9000 - R:/127.0.0.1:14552] An exception has been observed post termination, use DEBUG level to see the full stack: java.io.IOException: 你的主机中的软件中止了一个已建立的连接。
2020-12-08 18:43:38.021 WARN  reactor.netty.channel.FluxReceive                 :294  [32m        [0;39m [id: 0x99f29625, L:/127.0.0.1:9000 - R:/127.0.0.1:14866] An exception has been observed post termination, use DEBUG level to see the full stack: java.io.IOException: 你的主机中的软件中止了一个已建立的连接。
2020-12-08 18:48:27.392 INFO  c.n.d.shared.resolver.aws.ConfigClusterResolver   :43   [32m        [0;39m Resolving eureka endpoints via configuration
2020-12-08 18:52:19.934 WARN  reactor.netty.channel.FluxReceive                 :294  [32m        [0;39m [id: 0xc41b4070, L:/127.0.0.1:9000 - R:/127.0.0.1:1452] An exception has been observed post termination, use DEBUG level to see the full stack: java.io.IOException: 你的主机中的软件中止了一个已建立的连接。
2020-12-08 18:52:55.428 WARN  reactor.netty.channel.FluxReceive                 :294  [32m        [0;39m [id: 0xff4617ec, L:/127.0.0.1:9000 - R:/127.0.0.1:1501] An exception has been observed post termination, use DEBUG level to see the full stack: java.io.IOException: 你的主机中的软件中止了一个已建立的连接。
2020-12-08 18:53:27.393 INFO  c.n.d.shared.resolver.aws.ConfigClusterResolver   :43   [32m        [0;39m Resolving eureka endpoints via configuration
2020-12-08 18:57:23.382 WARN  reactor.netty.channel.FluxReceive                 :294  [32m        [0;39m [id: 0x3e9146d2, L:/127.0.0.1:9000 - R:/127.0.0.1:1867] An exception has been observed post termination, use DEBUG level to see the full stack: java.io.IOException: 你的主机中的软件中止了一个已建立的连接。
2020-12-08 18:58:27.394 INFO  c.n.d.shared.resolver.aws.ConfigClusterResolver   :43   [32m        [0;39m Resolving eureka endpoints via configuration
