2020-12-02 11:43:13.796 INFO  org.hibernate.validator.internal.util.Version     :21   [32m        [0;39m HV000001: Hibernate Validator 6.1.5.Final
2020-12-02 11:43:15.316 INFO  com.lzn.GatewayApplication                        :651  [32m        [0;39m No active profile set, falling back to default profiles: default
2020-12-02 11:43:16.379 INFO  o.springframework.cloud.context.scope.GenericScope:295  [32m        [0;39m BeanFactory id=d936f133-6f28-3a67-b841-7f4a7ab6072f
2020-12-02 11:43:16.480 INFO  o.s.c.s.PostProcessorRegistrationDelegate$BeanPostProcessorChecker:335  [32m        [0;39m Bean 'org.springframework.cloud.client.loadbalancer.reactive.LoadBalancerBeanPostProcessorAutoConfiguration' of type [org.springframework.cloud.client.loadbalancer.reactive.LoadBalancerBeanPostProcessorAutoConfiguration] is not eligible for getting processed by all BeanPostProcessors (for example: not eligible for auto-proxying)
2020-12-02 11:43:16.484 INFO  o.s.c.s.PostProcessorRegistrationDelegate$BeanPostProcessorChecker:335  [32m        [0;39m Bean 'org.springframework.cloud.client.loadbalancer.reactive.LoadBalancerBeanPostProcessorAutoConfiguration$ReactiveLoadBalancerConfig' of type [org.springframework.cloud.client.loadbalancer.reactive.LoadBalancerBeanPostProcessorAutoConfiguration$ReactiveLoadBalancerConfig] is not eligible for getting processed by all BeanPostProcessors (for example: not eligible for auto-proxying)
2020-12-02 11:43:16.488 INFO  o.s.c.s.PostProcessorRegistrationDelegate$BeanPostProcessorChecker:335  [32m        [0;39m Bean 'deferringLoadBalancerExchangeFilterFunction' of type [org.springframework.cloud.client.loadbalancer.reactive.DeferringLoadBalancerExchangeFilterFunction] is not eligible for getting processed by all BeanPostProcessors (for example: not eligible for auto-proxying)
2020-12-02 11:43:16.776 WARN  com.netflix.config.sources.URLConfigurationSource :121  [32m        [0;39m No URLs will be polled as dynamic configuration sources.
2020-12-02 11:43:16.777 INFO  com.netflix.config.sources.URLConfigurationSource :122  [32m        [0;39m To enable URLs as dynamic configuration sources, define System property archaius.configurationSource.additionalUrls or make config.properties available on classpath.
2020-12-02 11:43:16.786 WARN  com.netflix.config.sources.URLConfigurationSource :121  [32m        [0;39m No URLs will be polled as dynamic configuration sources.
2020-12-02 11:43:16.786 INFO  com.netflix.config.sources.URLConfigurationSource :122  [32m        [0;39m To enable URLs as dynamic configuration sources, define System property archaius.configurationSource.additionalUrls or make config.properties available on classpath.
2020-12-02 11:43:16.867 INFO  o.s.c.n.e.c.DiscoveryClientOptionalArgsConfiguration:78   [32m        [0;39m Eureka HTTP Client uses Jersey
2020-12-02 11:43:18.072 INFO  org.springframework.cloud.commons.util.InetUtils  :170  [32m        [0;39m Cannot determine local hostname
2020-12-02 11:43:19.208 INFO  org.springframework.cloud.commons.util.InetUtils  :170  [32m        [0;39m Cannot determine local hostname
2020-12-02 11:43:19.941 INFO  o.s.c.gateway.route.RouteDefinitionRouteLocator   :139  [32m        [0;39m Loaded RoutePredicateFactory [After]
2020-12-02 11:43:19.941 INFO  o.s.c.gateway.route.RouteDefinitionRouteLocator   :139  [32m        [0;39m Loaded RoutePredicateFactory [Before]
2020-12-02 11:43:19.941 INFO  o.s.c.gateway.route.RouteDefinitionRouteLocator   :139  [32m        [0;39m Loaded RoutePredicateFactory [Between]
2020-12-02 11:43:19.942 INFO  o.s.c.gateway.route.RouteDefinitionRouteLocator   :139  [32m        [0;39m Loaded RoutePredicateFactory [Cookie]
2020-12-02 11:43:19.942 INFO  o.s.c.gateway.route.RouteDefinitionRouteLocator   :139  [32m        [0;39m Loaded RoutePredicateFactory [Header]
2020-12-02 11:43:19.942 INFO  o.s.c.gateway.route.RouteDefinitionRouteLocator   :139  [32m        [0;39m Loaded RoutePredicateFactory [Host]
2020-12-02 11:43:19.942 INFO  o.s.c.gateway.route.RouteDefinitionRouteLocator   :139  [32m        [0;39m Loaded RoutePredicateFactory [Method]
2020-12-02 11:43:19.942 INFO  o.s.c.gateway.route.RouteDefinitionRouteLocator   :139  [32m        [0;39m Loaded RoutePredicateFactory [Path]
2020-12-02 11:43:19.943 INFO  o.s.c.gateway.route.RouteDefinitionRouteLocator   :139  [32m        [0;39m Loaded RoutePredicateFactory [Query]
2020-12-02 11:43:19.943 INFO  o.s.c.gateway.route.RouteDefinitionRouteLocator   :139  [32m        [0;39m Loaded RoutePredicateFactory [ReadBodyPredicateFactory]
2020-12-02 11:43:19.943 INFO  o.s.c.gateway.route.RouteDefinitionRouteLocator   :139  [32m        [0;39m Loaded RoutePredicateFactory [RemoteAddr]
2020-12-02 11:43:19.943 INFO  o.s.c.gateway.route.RouteDefinitionRouteLocator   :139  [32m        [0;39m Loaded RoutePredicateFactory [Weight]
2020-12-02 11:43:19.943 INFO  o.s.c.gateway.route.RouteDefinitionRouteLocator   :139  [32m        [0;39m Loaded RoutePredicateFactory [CloudFoundryRouteService]
2020-12-02 11:43:21.248 INFO  org.springframework.cloud.commons.util.InetUtils  :170  [32m        [0;39m Cannot determine local hostname
2020-12-02 11:43:22.361 INFO  org.springframework.cloud.commons.util.InetUtils  :170  [32m        [0;39m Cannot determine local hostname
2020-12-02 11:43:22.374 WARN  o.s.c.l.c.BlockingLoadBalancerClientAutoConfiguration$BlockingLoadBalancerClientRibbonWarnLogger:86   [32m        [0;39m You already have RibbonLoadBalancerClient on your classpath. It will be used by default. As Spring Cloud Ribbon is in maintenance mode. We recommend switching to BlockingLoadBalancerClient instead. In order to use it, set the value of `spring.cloud.loadbalancer.ribbon.enabled` to `false` or remove spring-cloud-starter-netflix-ribbon from your project.
2020-12-02 11:43:22.400 WARN  o.s.c.c.l.r.ReactorLoadBalancerClientAutoConfiguration$ReactorLoadBalancerClientRibbonWarnLogger:77   [32m        [0;39m You have RibbonLoadBalancerClient on your classpath. LoadBalancerExchangeFilterFunction that uses it under the hood will be used by default. Spring Cloud Ribbon is now in maintenance mode, so we suggest switching to ReactorLoadBalancerExchangeFilterFunction instead. In order to use it, set the value of `spring.cloud.loadbalancer.ribbon.enabled` to `false` or remove spring-cloud-starter-netflix-ribbon from your project.
2020-12-02 11:43:22.482 INFO  o.s.cloud.netflix.eureka.InstanceInfoFactory      :72   [32m        [0;39m Setting initial instance status as: STARTING
2020-12-02 11:43:22.688 INFO  com.netflix.discovery.DiscoveryClient             :371  [32m        [0;39m Initializing Eureka in region us-east-1
2020-12-02 11:43:23.176 INFO  c.n.discovery.provider.DiscoveryJerseyProvider    :70   [32m        [0;39m Using JSON encoding codec LegacyJacksonJson
2020-12-02 11:43:23.176 INFO  c.n.discovery.provider.DiscoveryJerseyProvider    :71   [32m        [0;39m Using JSON decoding codec LegacyJacksonJson
2020-12-02 11:43:23.302 INFO  c.n.discovery.provider.DiscoveryJerseyProvider    :80   [32m        [0;39m Using XML encoding codec XStreamXml
2020-12-02 11:43:23.303 INFO  c.n.discovery.provider.DiscoveryJerseyProvider    :81   [32m        [0;39m Using XML decoding codec XStreamXml
2020-12-02 11:43:23.502 INFO  c.n.d.shared.resolver.aws.ConfigClusterResolver   :43   [32m        [0;39m Resolving eureka endpoints via configuration
2020-12-02 11:43:23.587 INFO  com.netflix.discovery.DiscoveryClient             :1004 [32m        [0;39m Disable delta property : false
2020-12-02 11:43:23.587 INFO  com.netflix.discovery.DiscoveryClient             :1005 [32m        [0;39m Single vip registry refresh property : null
2020-12-02 11:43:23.587 INFO  com.netflix.discovery.DiscoveryClient             :1006 [32m        [0;39m Force full registry fetch : false
2020-12-02 11:43:23.587 INFO  com.netflix.discovery.DiscoveryClient             :1007 [32m        [0;39m Application is null : false
2020-12-02 11:43:23.587 INFO  com.netflix.discovery.DiscoveryClient             :1008 [32m        [0;39m Registered Applications size is zero : true
2020-12-02 11:43:23.587 INFO  com.netflix.discovery.DiscoveryClient             :1010 [32m        [0;39m Application version is -1: true
2020-12-02 11:43:23.588 INFO  com.netflix.discovery.DiscoveryClient             :1093 [32m        [0;39m Getting all instance registry info from the eureka server
2020-12-02 11:43:23.864 INFO  com.netflix.discovery.DiscoveryClient             :1102 [32m        [0;39m The response status is 200
2020-12-02 11:43:23.866 INFO  com.netflix.discovery.DiscoveryClient             :1317 [32m        [0;39m Starting heartbeat executor: renew interval is: 30
2020-12-02 11:43:23.868 INFO  com.netflix.discovery.InstanceInfoReplicator      :60   [32m        [0;39m InstanceInfoReplicator onDemand update allowed rate per min is 4
2020-12-02 11:43:23.872 INFO  com.netflix.discovery.DiscoveryClient             :491  [32m        [0;39m Discovery Client initialized at timestamp 1606880603871 with initial instances count: 0
2020-12-02 11:43:23.873 INFO  o.s.c.n.e.serviceregistry.EurekaServiceRegistry   :41   [32m        [0;39m Registering application GATEWAY with eureka with status UP
2020-12-02 11:43:23.874 INFO  com.netflix.discovery.DiscoveryClient             :1353 [32m        [0;39m Saw local status change event StatusChangeEvent [timestamp=1606880603874, current=UP, previous=STARTING]
2020-12-02 11:43:23.877 INFO  com.netflix.discovery.DiscoveryClient             :870  [32m        [0;39m DiscoveryClient_GATEWAY/localhost:gateway:9000: registering service...
2020-12-02 11:43:24.117 INFO  com.netflix.discovery.DiscoveryClient             :879  [32m        [0;39m DiscoveryClient_GATEWAY/localhost:gateway:9000 - registration status: 204
2020-12-02 11:43:24.341 INFO  o.s.boot.web.embedded.netty.NettyWebServer        :109  [32m        [0;39m Netty started on port(s): 9000
2020-12-02 11:43:24.342 INFO  o.s.c.n.e.s.EurekaAutoServiceRegistration         :145  [32m        [0;39m Updating port to 9000
2020-12-02 11:43:25.453 INFO  org.springframework.cloud.commons.util.InetUtils  :170  [32m        [0;39m Cannot determine local hostname
2020-12-02 11:43:26.531 INFO  org.springframework.cloud.commons.util.InetUtils  :170  [32m        [0;39m Cannot determine local hostname
2020-12-02 11:43:26.546 INFO  com.lzn.GatewayApplication                        :61   [32m        [0;39m Started GatewayApplication in 14.241 seconds (JVM running for 14.981)
2020-12-02 11:43:26.548 INFO  com.lzn.GatewayApplication                        :27   [32m        [0;39m 启动成功！！
2020-12-02 11:43:26.548 INFO  com.lzn.GatewayApplication                        :28   [32m        [0;39m Gateway: 	http://127.0.0.1:9000
2020-12-02 11:43:53.880 INFO  com.netflix.discovery.DiscoveryClient             :1004 [32m        [0;39m Disable delta property : false
2020-12-02 11:43:53.881 INFO  com.netflix.discovery.DiscoveryClient             :1005 [32m        [0;39m Single vip registry refresh property : null
2020-12-02 11:43:53.881 INFO  com.netflix.discovery.DiscoveryClient             :1006 [32m        [0;39m Force full registry fetch : false
2020-12-02 11:43:53.881 INFO  com.netflix.discovery.DiscoveryClient             :1007 [32m        [0;39m Application is null : false
2020-12-02 11:43:53.881 INFO  com.netflix.discovery.DiscoveryClient             :1008 [32m        [0;39m Registered Applications size is zero : true
2020-12-02 11:43:53.881 INFO  com.netflix.discovery.DiscoveryClient             :1010 [32m        [0;39m Application version is -1: false
2020-12-02 11:43:53.881 INFO  com.netflix.discovery.DiscoveryClient             :1093 [32m        [0;39m Getting all instance registry info from the eureka server
2020-12-02 11:43:53.912 INFO  com.netflix.discovery.DiscoveryClient             :1102 [32m        [0;39m The response status is 200
2020-12-02 11:44:39.832 INFO  com.netflix.config.ChainedDynamicProperty         :115  [32m        [0;39m Flipping property: business.ribbon.ActiveConnectionsLimit to use NEXT property: niws.loadbalancer.availabilityFilteringRule.activeConnectionsLimit = 2147483647
2020-12-02 11:44:39.858 INFO  com.netflix.util.concurrent.ShutdownEnabledTimer  :58   [32m        [0;39m Shutdown hook installed for: NFLoadBalancer-PingTimer-business
2020-12-02 11:44:39.858 INFO  com.netflix.loadbalancer.BaseLoadBalancer         :197  [32m        [0;39m Client: business instantiated a LoadBalancer: DynamicServerListLoadBalancer:{NFLoadBalancer:name=business,current list of Servers=[],Load balancer stats=Zone stats: {},Server stats: []}ServerList:null
2020-12-02 11:44:39.864 INFO  c.n.loadbalancer.DynamicServerListLoadBalancer    :222  [32m        [0;39m Using serverListUpdater PollingServerListUpdater
2020-12-02 11:44:39.885 INFO  com.netflix.config.ChainedDynamicProperty         :115  [32m        [0;39m Flipping property: business.ribbon.ActiveConnectionsLimit to use NEXT property: niws.loadbalancer.availabilityFilteringRule.activeConnectionsLimit = 2147483647
2020-12-02 11:44:39.887 INFO  c.n.loadbalancer.DynamicServerListLoadBalancer    :150  [32m        [0;39m DynamicServerListLoadBalancer for client business initialized: DynamicServerListLoadBalancer:{NFLoadBalancer:name=business,current list of Servers=[localhost:9002],Load balancer stats=Zone stats: {defaultzone=[Zone:defaultzone;	Instance count:1;	Active connections count: 0;	Circuit breaker tripped count: 0;	Active connections per server: 0.0;]
},Server stats: [[Server:localhost:9002;	Zone:defaultZone;	Total Requests:0;	Successive connection failure:0;	Total blackout seconds:0;	Last connection made:Thu Jan 01 08:00:00 CST 1970;	First connection made: Thu Jan 01 08:00:00 CST 1970;	Active Connections:0;	total failure count in last (1000) msecs:0;	average resp time:0.0;	90 percentile resp time:0.0;	95 percentile resp time:0.0;	min resp time:0.0;	max resp time:0.0;	stddev resp time:0.0]
]}ServerList:org.springframework.cloud.netflix.ribbon.eureka.DomainExtractingServerList@5dfd6cb4
2020-12-02 11:44:40.714 INFO  com.netflix.config.ChainedDynamicProperty         :115  [32m        [0;39m Flipping property: file.ribbon.ActiveConnectionsLimit to use NEXT property: niws.loadbalancer.availabilityFilteringRule.activeConnectionsLimit = 2147483647
2020-12-02 11:44:40.715 INFO  com.netflix.util.concurrent.ShutdownEnabledTimer  :58   [32m        [0;39m Shutdown hook installed for: NFLoadBalancer-PingTimer-file
2020-12-02 11:44:40.716 INFO  com.netflix.loadbalancer.BaseLoadBalancer         :197  [32m        [0;39m Client: file instantiated a LoadBalancer: DynamicServerListLoadBalancer:{NFLoadBalancer:name=file,current list of Servers=[],Load balancer stats=Zone stats: {},Server stats: []}ServerList:null
2020-12-02 11:44:40.717 INFO  c.n.loadbalancer.DynamicServerListLoadBalancer    :222  [32m        [0;39m Using serverListUpdater PollingServerListUpdater
2020-12-02 11:44:40.718 INFO  com.netflix.config.ChainedDynamicProperty         :115  [32m        [0;39m Flipping property: file.ribbon.ActiveConnectionsLimit to use NEXT property: niws.loadbalancer.availabilityFilteringRule.activeConnectionsLimit = 2147483647
2020-12-02 11:44:40.719 INFO  c.n.loadbalancer.DynamicServerListLoadBalancer    :150  [32m        [0;39m DynamicServerListLoadBalancer for client file initialized: DynamicServerListLoadBalancer:{NFLoadBalancer:name=file,current list of Servers=[localhost:9003],Load balancer stats=Zone stats: {defaultzone=[Zone:defaultzone;	Instance count:1;	Active connections count: 0;	Circuit breaker tripped count: 0;	Active connections per server: 0.0;]
},Server stats: [[Server:localhost:9003;	Zone:defaultZone;	Total Requests:0;	Successive connection failure:0;	Total blackout seconds:0;	Last connection made:Thu Jan 01 08:00:00 CST 1970;	First connection made: Thu Jan 01 08:00:00 CST 1970;	Active Connections:0;	total failure count in last (1000) msecs:0;	average resp time:0.0;	90 percentile resp time:0.0;	95 percentile resp time:0.0;	min resp time:0.0;	max resp time:0.0;	stddev resp time:0.0]
]}ServerList:org.springframework.cloud.netflix.ribbon.eureka.DomainExtractingServerList@534675e2
2020-12-02 11:44:40.867 INFO  com.netflix.config.ChainedDynamicProperty         :115  [32m        [0;39m Flipping property: business.ribbon.ActiveConnectionsLimit to use NEXT property: niws.loadbalancer.availabilityFilteringRule.activeConnectionsLimit = 2147483647
2020-12-02 11:44:41.719 INFO  com.netflix.config.ChainedDynamicProperty         :115  [32m        [0;39m Flipping property: file.ribbon.ActiveConnectionsLimit to use NEXT property: niws.loadbalancer.availabilityFilteringRule.activeConnectionsLimit = 2147483647
2020-12-02 11:48:23.592 INFO  c.n.d.shared.resolver.aws.ConfigClusterResolver   :43   [32m        [0;39m Resolving eureka endpoints via configuration
2020-12-02 11:53:23.594 INFO  c.n.d.shared.resolver.aws.ConfigClusterResolver   :43   [32m        [0;39m Resolving eureka endpoints via configuration
2020-12-02 11:58:23.596 INFO  c.n.d.shared.resolver.aws.ConfigClusterResolver   :43   [32m        [0;39m Resolving eureka endpoints via configuration
2020-12-02 12:03:23.597 INFO  c.n.d.shared.resolver.aws.ConfigClusterResolver   :43   [32m        [0;39m Resolving eureka endpoints via configuration
2020-12-02 12:08:23.599 INFO  c.n.d.shared.resolver.aws.ConfigClusterResolver   :43   [32m        [0;39m Resolving eureka endpoints via configuration
2020-12-02 12:13:23.600 INFO  c.n.d.shared.resolver.aws.ConfigClusterResolver   :43   [32m        [0;39m Resolving eureka endpoints via configuration
2020-12-02 12:18:23.602 INFO  c.n.d.shared.resolver.aws.ConfigClusterResolver   :43   [32m        [0;39m Resolving eureka endpoints via configuration
2020-12-02 12:23:23.602 INFO  c.n.d.shared.resolver.aws.ConfigClusterResolver   :43   [32m        [0;39m Resolving eureka endpoints via configuration
2020-12-02 12:28:23.604 INFO  c.n.d.shared.resolver.aws.ConfigClusterResolver   :43   [32m        [0;39m Resolving eureka endpoints via configuration
2020-12-02 12:33:23.607 INFO  c.n.d.shared.resolver.aws.ConfigClusterResolver   :43   [32m        [0;39m Resolving eureka endpoints via configuration
2020-12-02 12:38:23.608 INFO  c.n.d.shared.resolver.aws.ConfigClusterResolver   :43   [32m        [0;39m Resolving eureka endpoints via configuration
2020-12-02 12:43:23.609 INFO  c.n.d.shared.resolver.aws.ConfigClusterResolver   :43   [32m        [0;39m Resolving eureka endpoints via configuration
2020-12-02 12:48:23.611 INFO  c.n.d.shared.resolver.aws.ConfigClusterResolver   :43   [32m        [0;39m Resolving eureka endpoints via configuration
2020-12-02 12:53:23.612 INFO  c.n.d.shared.resolver.aws.ConfigClusterResolver   :43   [32m        [0;39m Resolving eureka endpoints via configuration
2020-12-02 12:58:23.614 INFO  c.n.d.shared.resolver.aws.ConfigClusterResolver   :43   [32m        [0;39m Resolving eureka endpoints via configuration
2020-12-02 13:03:23.614 INFO  c.n.d.shared.resolver.aws.ConfigClusterResolver   :43   [32m        [0;39m Resolving eureka endpoints via configuration
2020-12-02 13:08:23.617 INFO  c.n.d.shared.resolver.aws.ConfigClusterResolver   :43   [32m        [0;39m Resolving eureka endpoints via configuration
2020-12-02 13:13:23.618 INFO  c.n.d.shared.resolver.aws.ConfigClusterResolver   :43   [32m        [0;39m Resolving eureka endpoints via configuration
2020-12-02 13:18:23.619 INFO  c.n.d.shared.resolver.aws.ConfigClusterResolver   :43   [32m        [0;39m Resolving eureka endpoints via configuration
2020-12-02 13:23:23.620 INFO  c.n.d.shared.resolver.aws.ConfigClusterResolver   :43   [32m        [0;39m Resolving eureka endpoints via configuration
2020-12-02 13:28:23.622 INFO  c.n.d.shared.resolver.aws.ConfigClusterResolver   :43   [32m        [0;39m Resolving eureka endpoints via configuration
2020-12-02 13:33:23.623 INFO  c.n.d.shared.resolver.aws.ConfigClusterResolver   :43   [32m        [0;39m Resolving eureka endpoints via configuration
2020-12-02 13:38:23.625 INFO  c.n.d.shared.resolver.aws.ConfigClusterResolver   :43   [32m        [0;39m Resolving eureka endpoints via configuration
2020-12-02 13:43:23.627 INFO  c.n.d.shared.resolver.aws.ConfigClusterResolver   :43   [32m        [0;39m Resolving eureka endpoints via configuration
2020-12-02 13:48:23.630 INFO  c.n.d.shared.resolver.aws.ConfigClusterResolver   :43   [32m        [0;39m Resolving eureka endpoints via configuration
2020-12-02 13:53:23.631 INFO  c.n.d.shared.resolver.aws.ConfigClusterResolver   :43   [32m        [0;39m Resolving eureka endpoints via configuration
2020-12-02 13:58:23.633 INFO  c.n.d.shared.resolver.aws.ConfigClusterResolver   :43   [32m        [0;39m Resolving eureka endpoints via configuration
2020-12-02 14:03:23.635 INFO  c.n.d.shared.resolver.aws.ConfigClusterResolver   :43   [32m        [0;39m Resolving eureka endpoints via configuration
2020-12-02 14:08:23.637 INFO  c.n.d.shared.resolver.aws.ConfigClusterResolver   :43   [32m        [0;39m Resolving eureka endpoints via configuration
2020-12-02 14:13:23.639 INFO  c.n.d.shared.resolver.aws.ConfigClusterResolver   :43   [32m        [0;39m Resolving eureka endpoints via configuration
2020-12-02 14:18:23.640 INFO  c.n.d.shared.resolver.aws.ConfigClusterResolver   :43   [32m        [0;39m Resolving eureka endpoints via configuration
2020-12-02 14:23:23.641 INFO  c.n.d.shared.resolver.aws.ConfigClusterResolver   :43   [32m        [0;39m Resolving eureka endpoints via configuration
2020-12-02 14:28:23.644 INFO  c.n.d.shared.resolver.aws.ConfigClusterResolver   :43   [32m        [0;39m Resolving eureka endpoints via configuration
2020-12-02 14:33:23.646 INFO  c.n.d.shared.resolver.aws.ConfigClusterResolver   :43   [32m        [0;39m Resolving eureka endpoints via configuration
2020-12-02 14:38:23.649 INFO  c.n.d.shared.resolver.aws.ConfigClusterResolver   :43   [32m        [0;39m Resolving eureka endpoints via configuration
2020-12-02 14:43:23.651 INFO  c.n.d.shared.resolver.aws.ConfigClusterResolver   :43   [32m        [0;39m Resolving eureka endpoints via configuration
2020-12-02 14:48:23.652 INFO  c.n.d.shared.resolver.aws.ConfigClusterResolver   :43   [32m        [0;39m Resolving eureka endpoints via configuration
2020-12-02 14:53:23.653 INFO  c.n.d.shared.resolver.aws.ConfigClusterResolver   :43   [32m        [0;39m Resolving eureka endpoints via configuration
2020-12-02 14:58:23.654 INFO  c.n.d.shared.resolver.aws.ConfigClusterResolver   :43   [32m        [0;39m Resolving eureka endpoints via configuration
2020-12-02 15:03:23.655 INFO  c.n.d.shared.resolver.aws.ConfigClusterResolver   :43   [32m        [0;39m Resolving eureka endpoints via configuration
2020-12-02 15:08:23.657 INFO  c.n.d.shared.resolver.aws.ConfigClusterResolver   :43   [32m        [0;39m Resolving eureka endpoints via configuration
2020-12-02 15:13:23.658 INFO  c.n.d.shared.resolver.aws.ConfigClusterResolver   :43   [32m        [0;39m Resolving eureka endpoints via configuration
2020-12-02 15:18:23.660 INFO  c.n.d.shared.resolver.aws.ConfigClusterResolver   :43   [32m        [0;39m Resolving eureka endpoints via configuration
2020-12-02 15:23:23.661 INFO  c.n.d.shared.resolver.aws.ConfigClusterResolver   :43   [32m        [0;39m Resolving eureka endpoints via configuration
2020-12-02 15:28:23.663 INFO  c.n.d.shared.resolver.aws.ConfigClusterResolver   :43   [32m        [0;39m Resolving eureka endpoints via configuration
2020-12-02 15:33:23.664 INFO  c.n.d.shared.resolver.aws.ConfigClusterResolver   :43   [32m        [0;39m Resolving eureka endpoints via configuration
2020-12-02 19:59:55.747 INFO  org.hibernate.validator.internal.util.Version     :21   [32m        [0;39m HV000001: Hibernate Validator 6.1.5.Final
2020-12-02 19:59:56.245 INFO  com.lzn.GatewayApplication                        :651  [32m        [0;39m No active profile set, falling back to default profiles: default
2020-12-02 19:59:57.974 INFO  org.hibernate.validator.internal.util.Version     :21   [32m        [0;39m HV000001: Hibernate Validator 6.1.5.Final
2020-12-02 19:59:58.486 INFO  com.lzn.GatewayApplication                        :651  [32m        [0;39m No active profile set, falling back to default profiles: default
2020-12-02 19:59:59.097 INFO  o.springframework.cloud.context.scope.GenericScope:295  [32m        [0;39m BeanFactory id=d936f133-6f28-3a67-b841-7f4a7ab6072f
2020-12-02 19:59:59.157 INFO  o.s.c.s.PostProcessorRegistrationDelegate$BeanPostProcessorChecker:335  [32m        [0;39m Bean 'org.springframework.cloud.client.loadbalancer.reactive.LoadBalancerBeanPostProcessorAutoConfiguration' of type [org.springframework.cloud.client.loadbalancer.reactive.LoadBalancerBeanPostProcessorAutoConfiguration] is not eligible for getting processed by all BeanPostProcessors (for example: not eligible for auto-proxying)
2020-12-02 19:59:59.158 INFO  o.s.c.s.PostProcessorRegistrationDelegate$BeanPostProcessorChecker:335  [32m        [0;39m Bean 'org.springframework.cloud.client.loadbalancer.reactive.LoadBalancerBeanPostProcessorAutoConfiguration$ReactiveLoadBalancerConfig' of type [org.springframework.cloud.client.loadbalancer.reactive.LoadBalancerBeanPostProcessorAutoConfiguration$ReactiveLoadBalancerConfig] is not eligible for getting processed by all BeanPostProcessors (for example: not eligible for auto-proxying)
2020-12-02 19:59:59.161 INFO  o.s.c.s.PostProcessorRegistrationDelegate$BeanPostProcessorChecker:335  [32m        [0;39m Bean 'deferringLoadBalancerExchangeFilterFunction' of type [org.springframework.cloud.client.loadbalancer.reactive.DeferringLoadBalancerExchangeFilterFunction] is not eligible for getting processed by all BeanPostProcessors (for example: not eligible for auto-proxying)
2020-12-02 19:59:59.351 WARN  com.netflix.config.sources.URLConfigurationSource :121  [32m        [0;39m No URLs will be polled as dynamic configuration sources.
2020-12-02 19:59:59.351 INFO  com.netflix.config.sources.URLConfigurationSource :122  [32m        [0;39m To enable URLs as dynamic configuration sources, define System property archaius.configurationSource.additionalUrls or make config.properties available on classpath.
2020-12-02 19:59:59.357 WARN  com.netflix.config.sources.URLConfigurationSource :121  [32m        [0;39m No URLs will be polled as dynamic configuration sources.
2020-12-02 19:59:59.357 INFO  com.netflix.config.sources.URLConfigurationSource :122  [32m        [0;39m To enable URLs as dynamic configuration sources, define System property archaius.configurationSource.additionalUrls or make config.properties available on classpath.
2020-12-02 19:59:59.412 INFO  o.s.c.n.e.c.DiscoveryClientOptionalArgsConfiguration:78   [32m        [0;39m Eureka HTTP Client uses Jersey
2020-12-02 20:00:00.929 INFO  o.s.c.gateway.route.RouteDefinitionRouteLocator   :139  [32m        [0;39m Loaded RoutePredicateFactory [After]
2020-12-02 20:00:00.930 INFO  o.s.c.gateway.route.RouteDefinitionRouteLocator   :139  [32m        [0;39m Loaded RoutePredicateFactory [Before]
2020-12-02 20:00:00.930 INFO  o.s.c.gateway.route.RouteDefinitionRouteLocator   :139  [32m        [0;39m Loaded RoutePredicateFactory [Between]
2020-12-02 20:00:00.930 INFO  o.s.c.gateway.route.RouteDefinitionRouteLocator   :139  [32m        [0;39m Loaded RoutePredicateFactory [Cookie]
2020-12-02 20:00:00.930 INFO  o.s.c.gateway.route.RouteDefinitionRouteLocator   :139  [32m        [0;39m Loaded RoutePredicateFactory [Header]
2020-12-02 20:00:00.930 INFO  o.s.c.gateway.route.RouteDefinitionRouteLocator   :139  [32m        [0;39m Loaded RoutePredicateFactory [Host]
2020-12-02 20:00:00.930 INFO  o.s.c.gateway.route.RouteDefinitionRouteLocator   :139  [32m        [0;39m Loaded RoutePredicateFactory [Method]
2020-12-02 20:00:00.930 INFO  o.s.c.gateway.route.RouteDefinitionRouteLocator   :139  [32m        [0;39m Loaded RoutePredicateFactory [Path]
2020-12-02 20:00:00.930 INFO  o.s.c.gateway.route.RouteDefinitionRouteLocator   :139  [32m        [0;39m Loaded RoutePredicateFactory [Query]
2020-12-02 20:00:00.931 INFO  o.s.c.gateway.route.RouteDefinitionRouteLocator   :139  [32m        [0;39m Loaded RoutePredicateFactory [ReadBodyPredicateFactory]
2020-12-02 20:00:00.931 INFO  o.s.c.gateway.route.RouteDefinitionRouteLocator   :139  [32m        [0;39m Loaded RoutePredicateFactory [RemoteAddr]
2020-12-02 20:00:00.931 INFO  o.s.c.gateway.route.RouteDefinitionRouteLocator   :139  [32m        [0;39m Loaded RoutePredicateFactory [Weight]
2020-12-02 20:00:00.931 INFO  o.s.c.gateway.route.RouteDefinitionRouteLocator   :139  [32m        [0;39m Loaded RoutePredicateFactory [CloudFoundryRouteService]
2020-12-02 20:00:01.595 WARN  o.s.c.l.c.BlockingLoadBalancerClientAutoConfiguration$BlockingLoadBalancerClientRibbonWarnLogger:86   [32m        [0;39m You already have RibbonLoadBalancerClient on your classpath. It will be used by default. As Spring Cloud Ribbon is in maintenance mode. We recommend switching to BlockingLoadBalancerClient instead. In order to use it, set the value of `spring.cloud.loadbalancer.ribbon.enabled` to `false` or remove spring-cloud-starter-netflix-ribbon from your project.
2020-12-02 20:00:01.607 WARN  o.s.c.c.l.r.ReactorLoadBalancerClientAutoConfiguration$ReactorLoadBalancerClientRibbonWarnLogger:77   [32m        [0;39m You have RibbonLoadBalancerClient on your classpath. LoadBalancerExchangeFilterFunction that uses it under the hood will be used by default. Spring Cloud Ribbon is now in maintenance mode, so we suggest switching to ReactorLoadBalancerExchangeFilterFunction instead. In order to use it, set the value of `spring.cloud.loadbalancer.ribbon.enabled` to `false` or remove spring-cloud-starter-netflix-ribbon from your project.
2020-12-02 20:00:01.649 INFO  o.s.cloud.netflix.eureka.InstanceInfoFactory      :72   [32m        [0;39m Setting initial instance status as: STARTING
2020-12-02 20:00:01.718 INFO  com.netflix.discovery.DiscoveryClient             :371  [32m        [0;39m Initializing Eureka in region us-east-1
2020-12-02 20:00:02.045 INFO  c.n.discovery.provider.DiscoveryJerseyProvider    :70   [32m        [0;39m Using JSON encoding codec LegacyJacksonJson
2020-12-02 20:00:02.045 INFO  c.n.discovery.provider.DiscoveryJerseyProvider    :71   [32m        [0;39m Using JSON decoding codec LegacyJacksonJson
2020-12-02 20:00:02.205 INFO  c.n.discovery.provider.DiscoveryJerseyProvider    :80   [32m        [0;39m Using XML encoding codec XStreamXml
2020-12-02 20:00:02.205 INFO  c.n.discovery.provider.DiscoveryJerseyProvider    :81   [32m        [0;39m Using XML decoding codec XStreamXml
2020-12-02 20:00:02.424 INFO  c.n.d.shared.resolver.aws.ConfigClusterResolver   :43   [32m        [0;39m Resolving eureka endpoints via configuration
2020-12-02 20:00:02.532 INFO  com.netflix.discovery.DiscoveryClient             :1004 [32m        [0;39m Disable delta property : false
2020-12-02 20:00:02.533 INFO  com.netflix.discovery.DiscoveryClient             :1005 [32m        [0;39m Single vip registry refresh property : null
2020-12-02 20:00:02.533 INFO  com.netflix.discovery.DiscoveryClient             :1006 [32m        [0;39m Force full registry fetch : false
2020-12-02 20:00:02.533 INFO  com.netflix.discovery.DiscoveryClient             :1007 [32m        [0;39m Application is null : false
2020-12-02 20:00:02.533 INFO  com.netflix.discovery.DiscoveryClient             :1008 [32m        [0;39m Registered Applications size is zero : true
2020-12-02 20:00:02.534 INFO  com.netflix.discovery.DiscoveryClient             :1010 [32m        [0;39m Application version is -1: true
2020-12-02 20:00:02.534 INFO  com.netflix.discovery.DiscoveryClient             :1093 [32m        [0;39m Getting all instance registry info from the eureka server
2020-12-02 20:00:02.786 INFO  com.netflix.discovery.DiscoveryClient             :1102 [32m        [0;39m The response status is 200
2020-12-02 20:00:02.788 INFO  com.netflix.discovery.DiscoveryClient             :1317 [32m        [0;39m Starting heartbeat executor: renew interval is: 30
2020-12-02 20:00:02.790 INFO  com.netflix.discovery.InstanceInfoReplicator      :60   [32m        [0;39m InstanceInfoReplicator onDemand update allowed rate per min is 4
2020-12-02 20:00:02.794 INFO  com.netflix.discovery.DiscoveryClient             :491  [32m        [0;39m Discovery Client initialized at timestamp 1606910402792 with initial instances count: 0
2020-12-02 20:00:02.795 INFO  o.s.c.n.e.serviceregistry.EurekaServiceRegistry   :41   [32m        [0;39m Registering application GATEWAY with eureka with status UP
2020-12-02 20:00:02.796 INFO  com.netflix.discovery.DiscoveryClient             :1353 [32m        [0;39m Saw local status change event StatusChangeEvent [timestamp=1606910402796, current=UP, previous=STARTING]
2020-12-02 20:00:02.798 INFO  com.netflix.discovery.DiscoveryClient             :870  [32m        [0;39m DiscoveryClient_GATEWAY/DESKTOP-20I4D4F:gateway:9000: registering service...
2020-12-02 20:00:02.964 INFO  com.netflix.discovery.DiscoveryClient             :879  [32m        [0;39m DiscoveryClient_GATEWAY/DESKTOP-20I4D4F:gateway:9000 - registration status: 204
2020-12-02 20:00:03.318 INFO  o.s.boot.web.embedded.netty.NettyWebServer        :109  [32m        [0;39m Netty started on port(s): 9000
2020-12-02 20:00:03.319 INFO  o.s.c.n.e.s.EurekaAutoServiceRegistration         :145  [32m        [0;39m Updating port to 9000
2020-12-02 20:00:03.557 INFO  com.lzn.GatewayApplication                        :61   [32m        [0;39m Started GatewayApplication in 5.987 seconds (JVM running for 6.439)
2020-12-02 20:00:03.560 INFO  com.lzn.GatewayApplication                        :27   [32m        [0;39m 启动成功！！
2020-12-02 20:00:03.561 INFO  com.lzn.GatewayApplication                        :28   [32m        [0;39m Gateway: 	http://127.0.0.1:9000
2020-12-02 20:00:07.716 INFO  com.netflix.config.ChainedDynamicProperty         :115  [32m        [0;39m Flipping property: business.ribbon.ActiveConnectionsLimit to use NEXT property: niws.loadbalancer.availabilityFilteringRule.activeConnectionsLimit = 2147483647
2020-12-02 20:00:07.751 INFO  com.netflix.util.concurrent.ShutdownEnabledTimer  :58   [32m        [0;39m Shutdown hook installed for: NFLoadBalancer-PingTimer-business
2020-12-02 20:00:07.752 INFO  com.netflix.loadbalancer.BaseLoadBalancer         :197  [32m        [0;39m Client: business instantiated a LoadBalancer: DynamicServerListLoadBalancer:{NFLoadBalancer:name=business,current list of Servers=[],Load balancer stats=Zone stats: {},Server stats: []}ServerList:null
2020-12-02 20:00:07.778 INFO  c.n.loadbalancer.DynamicServerListLoadBalancer    :222  [32m        [0;39m Using serverListUpdater PollingServerListUpdater
2020-12-02 20:00:07.782 INFO  c.n.loadbalancer.DynamicServerListLoadBalancer    :150  [32m        [0;39m DynamicServerListLoadBalancer for client business initialized: DynamicServerListLoadBalancer:{NFLoadBalancer:name=business,current list of Servers=[],Load balancer stats=Zone stats: {},Server stats: []}ServerList:org.springframework.cloud.netflix.ribbon.eureka.DomainExtractingServerList@4210a521
2020-12-02 20:00:32.790 INFO  com.netflix.discovery.DiscoveryClient             :1004 [32m        [0;39m Disable delta property : false
2020-12-02 20:00:32.790 INFO  com.netflix.discovery.DiscoveryClient             :1005 [32m        [0;39m Single vip registry refresh property : null
2020-12-02 20:00:32.790 INFO  com.netflix.discovery.DiscoveryClient             :1006 [32m        [0;39m Force full registry fetch : false
2020-12-02 20:00:32.790 INFO  com.netflix.discovery.DiscoveryClient             :1007 [32m        [0;39m Application is null : false
2020-12-02 20:00:32.790 INFO  com.netflix.discovery.DiscoveryClient             :1008 [32m        [0;39m Registered Applications size is zero : true
2020-12-02 20:00:32.791 INFO  com.netflix.discovery.DiscoveryClient             :1010 [32m        [0;39m Application version is -1: false
2020-12-02 20:00:32.791 INFO  com.netflix.discovery.DiscoveryClient             :1093 [32m        [0;39m Getting all instance registry info from the eureka server
2020-12-02 20:00:32.819 INFO  com.netflix.discovery.DiscoveryClient             :1102 [32m        [0;39m The response status is 200
2020-12-02 20:00:38.802 INFO  com.netflix.config.ChainedDynamicProperty         :115  [32m        [0;39m Flipping property: business.ribbon.ActiveConnectionsLimit to use NEXT property: niws.loadbalancer.availabilityFilteringRule.activeConnectionsLimit = 2147483647
2020-12-02 20:05:02.538 INFO  c.n.d.shared.resolver.aws.ConfigClusterResolver   :43   [32m        [0;39m Resolving eureka endpoints via configuration
2020-12-02 20:10:02.540 INFO  c.n.d.shared.resolver.aws.ConfigClusterResolver   :43   [32m        [0;39m Resolving eureka endpoints via configuration
2020-12-02 20:15:02.541 INFO  c.n.d.shared.resolver.aws.ConfigClusterResolver   :43   [32m        [0;39m Resolving eureka endpoints via configuration
2020-12-02 20:20:02.543 INFO  c.n.d.shared.resolver.aws.ConfigClusterResolver   :43   [32m        [0;39m Resolving eureka endpoints via configuration
2020-12-02 20:25:02.544 INFO  c.n.d.shared.resolver.aws.ConfigClusterResolver   :43   [32m        [0;39m Resolving eureka endpoints via configuration
2020-12-02 20:30:02.545 INFO  c.n.d.shared.resolver.aws.ConfigClusterResolver   :43   [32m        [0;39m Resolving eureka endpoints via configuration
2020-12-02 20:35:02.547 INFO  c.n.d.shared.resolver.aws.ConfigClusterResolver   :43   [32m        [0;39m Resolving eureka endpoints via configuration
2020-12-02 20:40:02.548 INFO  c.n.d.shared.resolver.aws.ConfigClusterResolver   :43   [32m        [0;39m Resolving eureka endpoints via configuration
2020-12-02 20:45:02.551 INFO  c.n.d.shared.resolver.aws.ConfigClusterResolver   :43   [32m        [0;39m Resolving eureka endpoints via configuration
2020-12-02 20:50:02.553 INFO  c.n.d.shared.resolver.aws.ConfigClusterResolver   :43   [32m        [0;39m Resolving eureka endpoints via configuration
2020-12-02 20:55:02.554 INFO  c.n.d.shared.resolver.aws.ConfigClusterResolver   :43   [32m        [0;39m Resolving eureka endpoints via configuration
2020-12-02 21:00:02.556 INFO  c.n.d.shared.resolver.aws.ConfigClusterResolver   :43   [32m        [0;39m Resolving eureka endpoints via configuration
2020-12-02 21:05:02.559 INFO  c.n.d.shared.resolver.aws.ConfigClusterResolver   :43   [32m        [0;39m Resolving eureka endpoints via configuration
2020-12-02 21:10:02.561 INFO  c.n.d.shared.resolver.aws.ConfigClusterResolver   :43   [32m        [0;39m Resolving eureka endpoints via configuration
2020-12-02 21:15:02.563 INFO  c.n.d.shared.resolver.aws.ConfigClusterResolver   :43   [32m        [0;39m Resolving eureka endpoints via configuration
2020-12-02 21:20:02.565 INFO  c.n.d.shared.resolver.aws.ConfigClusterResolver   :43   [32m        [0;39m Resolving eureka endpoints via configuration
2020-12-02 21:25:02.567 INFO  c.n.d.shared.resolver.aws.ConfigClusterResolver   :43   [32m        [0;39m Resolving eureka endpoints via configuration
2020-12-02 21:30:02.569 INFO  c.n.d.shared.resolver.aws.ConfigClusterResolver   :43   [32m        [0;39m Resolving eureka endpoints via configuration
2020-12-02 21:30:46.888 INFO  com.netflix.config.ChainedDynamicProperty         :115  [32m        [0;39m Flipping property: file.ribbon.ActiveConnectionsLimit to use NEXT property: niws.loadbalancer.availabilityFilteringRule.activeConnectionsLimit = 2147483647
2020-12-02 21:30:46.892 INFO  com.netflix.util.concurrent.ShutdownEnabledTimer  :58   [32m        [0;39m Shutdown hook installed for: NFLoadBalancer-PingTimer-file
2020-12-02 21:30:46.893 INFO  com.netflix.loadbalancer.BaseLoadBalancer         :197  [32m        [0;39m Client: file instantiated a LoadBalancer: DynamicServerListLoadBalancer:{NFLoadBalancer:name=file,current list of Servers=[],Load balancer stats=Zone stats: {},Server stats: []}ServerList:null
2020-12-02 21:30:46.896 INFO  c.n.loadbalancer.DynamicServerListLoadBalancer    :222  [32m        [0;39m Using serverListUpdater PollingServerListUpdater
2020-12-02 21:30:46.897 INFO  com.netflix.config.ChainedDynamicProperty         :115  [32m        [0;39m Flipping property: file.ribbon.ActiveConnectionsLimit to use NEXT property: niws.loadbalancer.availabilityFilteringRule.activeConnectionsLimit = 2147483647
2020-12-02 21:30:46.900 INFO  c.n.loadbalancer.DynamicServerListLoadBalancer    :150  [32m        [0;39m DynamicServerListLoadBalancer for client file initialized: DynamicServerListLoadBalancer:{NFLoadBalancer:name=file,current list of Servers=[DESKTOP-20I4D4F:9003],Load balancer stats=Zone stats: {defaultzone=[Zone:defaultzone;	Instance count:1;	Active connections count: 0;	Circuit breaker tripped count: 0;	Active connections per server: 0.0;]
},Server stats: [[Server:DESKTOP-20I4D4F:9003;	Zone:defaultZone;	Total Requests:0;	Successive connection failure:0;	Total blackout seconds:0;	Last connection made:Thu Jan 01 08:00:00 CST 1970;	First connection made: Thu Jan 01 08:00:00 CST 1970;	Active Connections:0;	total failure count in last (1000) msecs:0;	average resp time:0.0;	90 percentile resp time:0.0;	95 percentile resp time:0.0;	min resp time:0.0;	max resp time:0.0;	stddev resp time:0.0]
]}ServerList:org.springframework.cloud.netflix.ribbon.eureka.DomainExtractingServerList@83b0103
2020-12-02 21:30:47.897 INFO  com.netflix.config.ChainedDynamicProperty         :115  [32m        [0;39m Flipping property: file.ribbon.ActiveConnectionsLimit to use NEXT property: niws.loadbalancer.availabilityFilteringRule.activeConnectionsLimit = 2147483647
